[ 2016-10-21T09:05:33+08:00 ] ::1 /tpblog/Public/style/jquery.min.js
INFO: [ app_init ] --START--
INFO: Run Behavior\BuildLiteBehavior [ RunTime:0.000102s ]
INFO: [ app_init ] --END-- [ RunTime:0.002913s ]
ERR: 无法加载模块:Public

[ 2016-10-21T09:05:45+08:00 ] ::1 /tpblog/Public/style/jquery.min.js
INFO: [ app_init ] --START--
INFO: Run Behavior\BuildLiteBehavior [ RunTime:0.000221s ]
INFO: [ app_init ] --END-- [ RunTime:0.004560s ]
ERR: 无法加载模块:Public

[ 2016-10-21T09:05:46+08:00 ] ::1 /tpblog/Public/style/jquery.min.js
INFO: [ app_init ] --START--
INFO: Run Behavior\BuildLiteBehavior [ RunTime:0.000087s ]
INFO: [ app_init ] --END-- [ RunTime:0.002329s ]
ERR: 无法加载模块:Public

[ 2016-10-21T09:06:05+08:00 ] ::1 /tpblog/Public/style/jquery.min.js
INFO: [ app_init ] --START--
INFO: Run Behavior\BuildLiteBehavior [ RunTime:0.000137s ]
INFO: [ app_init ] --END-- [ RunTime:0.003963s ]
ERR: 无法加载模块:Public

[ 2016-10-21T09:06:07+08:00 ] ::1 /tpblog/Public/style/jquery.min.js
INFO: [ app_init ] --START--
INFO: Run Behavior\BuildLiteBehavior [ RunTime:0.000088s ]
INFO: [ app_init ] --END-- [ RunTime:0.002766s ]
ERR: 无法加载模块:Public

[ 2016-10-21T09:06:09+08:00 ] ::1 /tpblog/Public/style/jquery.min.js
INFO: [ app_init ] --START--
INFO: Run Behavior\BuildLiteBehavior [ RunTime:0.000104s ]
INFO: [ app_init ] --END-- [ RunTime:0.003598s ]
ERR: 无法加载模块:Public

[ 2016-10-21T09:06:11+08:00 ] ::1 /tpblog/Public/style/jquery.min.js
INFO: [ app_init ] --START--
INFO: Run Behavior\BuildLiteBehavior [ RunTime:0.000125s ]
INFO: [ app_init ] --END-- [ RunTime:0.004592s ]
ERR: 无法加载模块:Public

[ 2016-10-21T09:06:12+08:00 ] ::1 /tpblog/Public/style/jquery.min.js
INFO: [ app_init ] --START--
INFO: Run Behavior\BuildLiteBehavior [ RunTime:0.000086s ]
INFO: [ app_init ] --END-- [ RunTime:0.002700s ]
ERR: 无法加载模块:Public

[ 2016-10-21T09:08:57+08:00 ] ::1 /tpblog/Public/images/share.png
INFO: [ app_init ] --START--
INFO: Run Behavior\BuildLiteBehavior [ RunTime:0.000089s ]
INFO: [ app_init ] --END-- [ RunTime:0.002482s ]
ERR: 无法加载模块:Public

[ 2016-10-21T09:11:42+08:00 ] ::1 /tpblog/Public/images/share.png
INFO: [ app_init ] --START--
INFO: Run Behavior\BuildLiteBehavior [ RunTime:0.000140s ]
INFO: [ app_init ] --END-- [ RunTime:0.003132s ]
ERR: 无法加载模块:Public

[ 2016-10-21T09:11:52+08:00 ] ::1 /tpblog/Public/images/share.png
INFO: [ app_init ] --START--
INFO: Run Behavior\BuildLiteBehavior [ RunTime:0.000088s ]
INFO: [ app_init ] --END-- [ RunTime:0.002641s ]
ERR: 无法加载模块:Public

[ 2016-10-21T09:11:57+08:00 ] ::1 /tpblog/Public/images/share.png
INFO: [ app_init ] --START--
INFO: Run Behavior\BuildLiteBehavior [ RunTime:0.000154s ]
INFO: [ app_init ] --END-- [ RunTime:0.010346s ]
ERR: 无法加载模块:Public

[ 2016-10-21T09:12:30+08:00 ] ::1 /tpblog/Public/images/share.png
INFO: [ app_init ] --START--
INFO: Run Behavior\BuildLiteBehavior [ RunTime:0.000151s ]
INFO: [ app_init ] --END-- [ RunTime:0.004005s ]
ERR: 无法加载模块:Public

[ 2016-10-21T09:12:38+08:00 ] ::1 /tpblog/Public/images/share.png
INFO: [ app_init ] --START--
INFO: Run Behavior\BuildLiteBehavior [ RunTime:0.000091s ]
INFO: [ app_init ] --END-- [ RunTime:0.002756s ]
ERR: 无法加载模块:Public

[ 2016-10-21T09:12:55+08:00 ] ::1 /tpblog/Public/images/share.png
INFO: [ app_init ] --START--
INFO: Run Behavior\BuildLiteBehavior [ RunTime:0.000121s ]
INFO: [ app_init ] --END-- [ RunTime:0.002942s ]
ERR: 无法加载模块:Public

[ 2016-10-21T09:13:27+08:00 ] ::1 /tpblog/Public/images/share.png
INFO: [ app_init ] --START--
INFO: Run Behavior\BuildLiteBehavior [ RunTime:0.000237s ]
INFO: [ app_init ] --END-- [ RunTime:0.010150s ]
ERR: 无法加载模块:Public

[ 2016-10-21T09:13:43+08:00 ] ::1 /tpblog/Public/images/share.png
INFO: [ app_init ] --START--
INFO: Run Behavior\BuildLiteBehavior [ RunTime:0.000153s ]
INFO: [ app_init ] --END-- [ RunTime:0.003689s ]
ERR: 无法加载模块:Public

[ 2016-10-21T09:14:30+08:00 ] ::1 /tpblog/Public/images/share.png
INFO: [ app_init ] --START--
INFO: Run Behavior\BuildLiteBehavior [ RunTime:0.000150s ]
INFO: [ app_init ] --END-- [ RunTime:0.003636s ]
ERR: 无法加载模块:Public

[ 2016-10-21T09:16:29+08:00 ] ::1 /tpblog/Public/images/share.png
INFO: [ app_init ] --START--
INFO: Run Behavior\BuildLiteBehavior [ RunTime:0.000148s ]
INFO: [ app_init ] --END-- [ RunTime:0.006153s ]
ERR: 无法加载模块:Public

[ 2016-10-21T09:16:33+08:00 ] ::1 /tpblog/Public/images/share.png
INFO: [ app_init ] --START--
INFO: Run Behavior\BuildLiteBehavior [ RunTime:0.000157s ]
INFO: [ app_init ] --END-- [ RunTime:0.007565s ]
ERR: 无法加载模块:Public

[ 2016-10-21T09:17:10+08:00 ] ::1 /tpblog/Public/images/share.png
INFO: [ app_init ] --START--
INFO: Run Behavior\BuildLiteBehavior [ RunTime:0.000154s ]
INFO: [ app_init ] --END-- [ RunTime:0.004668s ]
ERR: 无法加载模块:Public

