[ 2016-10-21T09:05:33+08:00 ] ::1 /tpblog/index.php/Home/Cate/index/id/1/p/3.html
INFO: [ app_init ] --START--
INFO: Run Behavior\BuildLiteBehavior [ RunTime:0.000099s ]
INFO: [ app_init ] --END-- [ RunTime:0.002880s ]
INFO: [ app_begin ] --START--
INFO: Run Behavior\ReadHtmlCacheBehavior [ RunTime:0.002535s ]
INFO: [ app_begin ] --END-- [ RunTime:0.002982s ]
SQL: SHOW COLUMNS FROM `tp_cate` [ RunTime:0.0019s ]
SQL: SELECT * FROM `tp_cate` ORDER BY sort desc  [ RunTime:0.0010s ]
SQL: SHOW COLUMNS FROM `tp_link` [ RunTime:0.0018s ]
SQL: SELECT * FROM `tp_link` ORDER BY sort desc  [ RunTime:0.0011s ]
SQL: SHOW COLUMNS FROM `tp_article` [ RunTime:0.0019s ]
SQL: SELECT * FROM `tp_article` ORDER BY time desc LIMIT 4   [ RunTime:0.0018s ]
SQL: SELECT COUNT(*) AS tp_count FROM `tp_article` WHERE `cateid` = 1 LIMIT 1   [ RunTime:0.0009s ]
SQL: SELECT * FROM `tp_article` WHERE `cateid` = 1 ORDER BY time desc LIMIT 4,2   [ RunTime:0.0014s ]
INFO: [ view_parse ] --START--
INFO: [ template_filter ] --START--
INFO: Run Behavior\ContentReplaceBehavior [ RunTime:0.000355s ]
INFO: [ template_filter ] --END-- [ RunTime:0.000773s ]
INFO: Run Behavior\ParseTemplateBehavior [ RunTime:0.062217s ]
INFO: [ view_parse ] --END-- [ RunTime:0.062655s ]
INFO: [ view_filter ] --START--
INFO: Run Behavior\WriteHtmlCacheBehavior [ RunTime:0.003156s ]
INFO: [ view_filter ] --END-- [ RunTime:0.003606s ]
INFO: [ app_end ] --START--
INFO: Run Behavior\ShowPageTraceBehavior [ RunTime:0.003471s ]
INFO: [ app_end ] --END-- [ RunTime:0.003870s ]

[ 2016-10-21T09:05:45+08:00 ] ::1 /tpblog/index.php/Home/Cate/index/id/1/p/3.html
INFO: [ app_init ] --START--
INFO: Run Behavior\BuildLiteBehavior [ RunTime:0.000087s ]
INFO: [ app_init ] --END-- [ RunTime:0.002675s ]
INFO: [ app_begin ] --START--
INFO: Run Behavior\ReadHtmlCacheBehavior [ RunTime:0.007223s ]
INFO: [ app_begin ] --END-- [ RunTime:0.008035s ]
SQL: SHOW COLUMNS FROM `tp_cate` [ RunTime:0.0019s ]
SQL: SELECT * FROM `tp_cate` ORDER BY sort desc  [ RunTime:0.0009s ]
SQL: SHOW COLUMNS FROM `tp_link` [ RunTime:0.0017s ]
SQL: SELECT * FROM `tp_link` ORDER BY sort desc  [ RunTime:0.0009s ]
SQL: SHOW COLUMNS FROM `tp_article` [ RunTime:0.0020s ]
SQL: SELECT * FROM `tp_article` ORDER BY time desc LIMIT 4   [ RunTime:0.0018s ]
SQL: SELECT COUNT(*) AS tp_count FROM `tp_article` WHERE `cateid` = 1 LIMIT 1   [ RunTime:0.0008s ]
SQL: SELECT * FROM `tp_article` WHERE `cateid` = 1 ORDER BY time desc LIMIT 4,2   [ RunTime:0.0013s ]
INFO: [ view_parse ] --START--
INFO: [ template_filter ] --START--
INFO: Run Behavior\ContentReplaceBehavior [ RunTime:0.000333s ]
INFO: [ template_filter ] --END-- [ RunTime:0.000750s ]
INFO: Run Behavior\ParseTemplateBehavior [ RunTime:0.069663s ]
INFO: [ view_parse ] --END-- [ RunTime:0.070113s ]
INFO: [ view_filter ] --START--
INFO: Run Behavior\WriteHtmlCacheBehavior [ RunTime:0.004332s ]
INFO: [ view_filter ] --END-- [ RunTime:0.004900s ]
INFO: [ app_end ] --START--
INFO: Run Behavior\ShowPageTraceBehavior [ RunTime:0.005779s ]
INFO: [ app_end ] --END-- [ RunTime:0.006483s ]

[ 2016-10-21T09:05:46+08:00 ] ::1 /tpblog/index.php/Home/Cate/index/id/1/p/3.html
INFO: [ app_init ] --START--
INFO: Run Behavior\BuildLiteBehavior [ RunTime:0.000090s ]
INFO: [ app_init ] --END-- [ RunTime:0.002673s ]
INFO: [ app_begin ] --START--
INFO: Run Behavior\ReadHtmlCacheBehavior [ RunTime:0.003246s ]
INFO: [ app_begin ] --END-- [ RunTime:0.003731s ]
SQL: SHOW COLUMNS FROM `tp_cate` [ RunTime:0.0018s ]
SQL: SELECT * FROM `tp_cate` ORDER BY sort desc  [ RunTime:0.0009s ]
SQL: SHOW COLUMNS FROM `tp_link` [ RunTime:0.0016s ]
SQL: SELECT * FROM `tp_link` ORDER BY sort desc  [ RunTime:0.0010s ]
SQL: SHOW COLUMNS FROM `tp_article` [ RunTime:0.0020s ]
SQL: SELECT * FROM `tp_article` ORDER BY time desc LIMIT 4   [ RunTime:0.0018s ]
SQL: SELECT COUNT(*) AS tp_count FROM `tp_article` WHERE `cateid` = 1 LIMIT 1   [ RunTime:0.0009s ]
SQL: SELECT * FROM `tp_article` WHERE `cateid` = 1 ORDER BY time desc LIMIT 4,2   [ RunTime:0.0012s ]
INFO: [ view_parse ] --START--
INFO: [ template_filter ] --START--
INFO: Run Behavior\ContentReplaceBehavior [ RunTime:0.000333s ]
INFO: [ template_filter ] --END-- [ RunTime:0.000755s ]
INFO: Run Behavior\ParseTemplateBehavior [ RunTime:0.066221s ]
INFO: [ view_parse ] --END-- [ RunTime:0.066690s ]
INFO: [ view_filter ] --START--
INFO: Run Behavior\WriteHtmlCacheBehavior [ RunTime:0.002992s ]
INFO: [ view_filter ] --END-- [ RunTime:0.003398s ]
INFO: [ app_end ] --START--
INFO: Run Behavior\ShowPageTraceBehavior [ RunTime:0.005008s ]
INFO: [ app_end ] --END-- [ RunTime:0.005509s ]

[ 2016-10-21T09:06:05+08:00 ] ::1 /tpblog/index.php/Home/Cate/index/id/1/p/3.html
INFO: [ app_init ] --START--
INFO: Run Behavior\BuildLiteBehavior [ RunTime:0.000088s ]
INFO: [ app_init ] --END-- [ RunTime:0.002409s ]
INFO: [ app_begin ] --START--
INFO: Run Behavior\ReadHtmlCacheBehavior [ RunTime:0.002464s ]
INFO: [ app_begin ] --END-- [ RunTime:0.002932s ]
SQL: SHOW COLUMNS FROM `tp_cate` [ RunTime:0.0018s ]
SQL: SELECT * FROM `tp_cate` ORDER BY sort desc  [ RunTime:0.0009s ]
SQL: SHOW COLUMNS FROM `tp_link` [ RunTime:0.0020s ]
SQL: SELECT * FROM `tp_link` ORDER BY sort desc  [ RunTime:0.0012s ]
SQL: SHOW COLUMNS FROM `tp_article` [ RunTime:0.0020s ]
SQL: SELECT * FROM `tp_article` ORDER BY time desc LIMIT 4   [ RunTime:0.0018s ]
SQL: SELECT COUNT(*) AS tp_count FROM `tp_article` WHERE `cateid` = 1 LIMIT 1   [ RunTime:0.0009s ]
SQL: SELECT * FROM `tp_article` WHERE `cateid` = 1 ORDER BY time desc LIMIT 4,2   [ RunTime:0.0014s ]
INFO: [ view_parse ] --START--
INFO: [ template_filter ] --START--
INFO: Run Behavior\ContentReplaceBehavior [ RunTime:0.000335s ]
INFO: [ template_filter ] --END-- [ RunTime:0.000764s ]
INFO: Run Behavior\ParseTemplateBehavior [ RunTime:0.060114s ]
INFO: [ view_parse ] --END-- [ RunTime:0.060572s ]
INFO: [ view_filter ] --START--
INFO: Run Behavior\WriteHtmlCacheBehavior [ RunTime:0.003003s ]
INFO: [ view_filter ] --END-- [ RunTime:0.003404s ]
INFO: [ app_end ] --START--
INFO: Run Behavior\ShowPageTraceBehavior [ RunTime:0.003321s ]
INFO: [ app_end ] --END-- [ RunTime:0.003729s ]

[ 2016-10-21T09:06:07+08:00 ] ::1 /tpblog/index.php/Home/Cate/index/id/1/p/3.html
INFO: [ app_init ] --START--
INFO: Run Behavior\BuildLiteBehavior [ RunTime:0.000088s ]
INFO: [ app_init ] --END-- [ RunTime:0.002716s ]
INFO: [ app_begin ] --START--
INFO: Run Behavior\ReadHtmlCacheBehavior [ RunTime:0.004300s ]
INFO: [ app_begin ] --END-- [ RunTime:0.004755s ]
SQL: SHOW COLUMNS FROM `tp_cate` [ RunTime:0.0019s ]
SQL: SELECT * FROM `tp_cate` ORDER BY sort desc  [ RunTime:0.0010s ]
SQL: SHOW COLUMNS FROM `tp_link` [ RunTime:0.0017s ]
SQL: SELECT * FROM `tp_link` ORDER BY sort desc  [ RunTime:0.0010s ]
SQL: SHOW COLUMNS FROM `tp_article` [ RunTime:0.0018s ]
SQL: SELECT * FROM `tp_article` ORDER BY time desc LIMIT 4   [ RunTime:0.0017s ]
SQL: SELECT COUNT(*) AS tp_count FROM `tp_article` WHERE `cateid` = 1 LIMIT 1   [ RunTime:0.0009s ]
SQL: SELECT * FROM `tp_article` WHERE `cateid` = 1 ORDER BY time desc LIMIT 4,2   [ RunTime:0.0012s ]
INFO: [ view_parse ] --START--
INFO: [ template_filter ] --START--
INFO: Run Behavior\ContentReplaceBehavior [ RunTime:0.000326s ]
INFO: [ template_filter ] --END-- [ RunTime:0.000746s ]
INFO: Run Behavior\ParseTemplateBehavior [ RunTime:0.062927s ]
INFO: [ view_parse ] --END-- [ RunTime:0.063373s ]
INFO: [ view_filter ] --START--
INFO: Run Behavior\WriteHtmlCacheBehavior [ RunTime:0.003684s ]
INFO: [ view_filter ] --END-- [ RunTime:0.004087s ]
INFO: [ app_end ] --START--
INFO: Run Behavior\ShowPageTraceBehavior [ RunTime:0.004378s ]
INFO: [ app_end ] --END-- [ RunTime:0.004807s ]

[ 2016-10-21T09:06:09+08:00 ] ::1 /tpblog/index.php/Home/Cate/index/id/1/p/1.html
INFO: [ app_init ] --START--
INFO: Run Behavior\BuildLiteBehavior [ RunTime:0.000111s ]
INFO: [ app_init ] --END-- [ RunTime:0.002693s ]
INFO: [ app_begin ] --START--
INFO: Run Behavior\ReadHtmlCacheBehavior [ RunTime:0.003286s ]
INFO: [ app_begin ] --END-- [ RunTime:0.003739s ]
SQL: SHOW COLUMNS FROM `tp_cate` [ RunTime:0.0018s ]
SQL: SELECT * FROM `tp_cate` ORDER BY sort desc  [ RunTime:0.0009s ]
SQL: SHOW COLUMNS FROM `tp_link` [ RunTime:0.0018s ]
SQL: SELECT * FROM `tp_link` ORDER BY sort desc  [ RunTime:0.0010s ]
SQL: SHOW COLUMNS FROM `tp_article` [ RunTime:0.0019s ]
SQL: SELECT * FROM `tp_article` ORDER BY time desc LIMIT 4   [ RunTime:0.0019s ]
SQL: SELECT COUNT(*) AS tp_count FROM `tp_article` WHERE `cateid` = 1 LIMIT 1   [ RunTime:0.0014s ]
SQL: SELECT * FROM `tp_article` WHERE `cateid` = 1 ORDER BY time desc LIMIT 0,2   [ RunTime:0.0012s ]
INFO: [ view_parse ] --START--
INFO: [ template_filter ] --START--
INFO: Run Behavior\ContentReplaceBehavior [ RunTime:0.000334s ]
INFO: [ template_filter ] --END-- [ RunTime:0.000750s ]
INFO: Run Behavior\ParseTemplateBehavior [ RunTime:0.063987s ]
INFO: [ view_parse ] --END-- [ RunTime:0.064446s ]
INFO: [ view_filter ] --START--
INFO: Run Behavior\WriteHtmlCacheBehavior [ RunTime:0.003030s ]
INFO: [ view_filter ] --END-- [ RunTime:0.003434s ]
INFO: [ app_end ] --START--
INFO: Run Behavior\ShowPageTraceBehavior [ RunTime:0.003591s ]
INFO: [ app_end ] --END-- [ RunTime:0.004006s ]

[ 2016-10-21T09:06:11+08:00 ] ::1 /tpblog/index.php/Home/Cate/index/id/1/p/3.html
INFO: [ app_init ] --START--
INFO: Run Behavior\BuildLiteBehavior [ RunTime:0.000089s ]
INFO: [ app_init ] --END-- [ RunTime:0.002720s ]
INFO: [ app_begin ] --START--
INFO: Run Behavior\ReadHtmlCacheBehavior [ RunTime:0.003376s ]
INFO: [ app_begin ] --END-- [ RunTime:0.003834s ]
SQL: SHOW COLUMNS FROM `tp_cate` [ RunTime:0.0019s ]
SQL: SELECT * FROM `tp_cate` ORDER BY sort desc  [ RunTime:0.0010s ]
SQL: SHOW COLUMNS FROM `tp_link` [ RunTime:0.0020s ]
SQL: SELECT * FROM `tp_link` ORDER BY sort desc  [ RunTime:0.0010s ]
SQL: SHOW COLUMNS FROM `tp_article` [ RunTime:0.0018s ]
SQL: SELECT * FROM `tp_article` ORDER BY time desc LIMIT 4   [ RunTime:0.0019s ]
SQL: SELECT COUNT(*) AS tp_count FROM `tp_article` WHERE `cateid` = 1 LIMIT 1   [ RunTime:0.0009s ]
SQL: SELECT * FROM `tp_article` WHERE `cateid` = 1 ORDER BY time desc LIMIT 4,2   [ RunTime:0.0013s ]
INFO: [ view_parse ] --START--
INFO: [ template_filter ] --START--
INFO: Run Behavior\ContentReplaceBehavior [ RunTime:0.000330s ]
INFO: [ template_filter ] --END-- [ RunTime:0.000741s ]
INFO: Run Behavior\ParseTemplateBehavior [ RunTime:0.061708s ]
INFO: [ view_parse ] --END-- [ RunTime:0.062159s ]
INFO: [ view_filter ] --START--
INFO: Run Behavior\WriteHtmlCacheBehavior [ RunTime:0.002882s ]
INFO: [ view_filter ] --END-- [ RunTime:0.003282s ]
INFO: [ app_end ] --START--
INFO: Run Behavior\ShowPageTraceBehavior [ RunTime:0.003526s ]
INFO: [ app_end ] --END-- [ RunTime:0.003936s ]

[ 2016-10-21T09:06:12+08:00 ] ::1 /tpblog/index.php/Home/Cate/index/id/1/p/2.html
INFO: [ app_init ] --START--
INFO: Run Behavior\BuildLiteBehavior [ RunTime:0.000087s ]
INFO: [ app_init ] --END-- [ RunTime:0.002764s ]
INFO: [ app_begin ] --START--
INFO: Run Behavior\ReadHtmlCacheBehavior [ RunTime:0.003312s ]
INFO: [ app_begin ] --END-- [ RunTime:0.003829s ]
SQL: SHOW COLUMNS FROM `tp_cate` [ RunTime:0.0017s ]
SQL: SELECT * FROM `tp_cate` ORDER BY sort desc  [ RunTime:0.0010s ]
SQL: SHOW COLUMNS FROM `tp_link` [ RunTime:0.0019s ]
SQL: SELECT * FROM `tp_link` ORDER BY sort desc  [ RunTime:0.0012s ]
SQL: SHOW COLUMNS FROM `tp_article` [ RunTime:0.0017s ]
SQL: SELECT * FROM `tp_article` ORDER BY time desc LIMIT 4   [ RunTime:0.0017s ]
SQL: SELECT COUNT(*) AS tp_count FROM `tp_article` WHERE `cateid` = 1 LIMIT 1   [ RunTime:0.0008s ]
SQL: SELECT * FROM `tp_article` WHERE `cateid` = 1 ORDER BY time desc LIMIT 2,2   [ RunTime:0.0020s ]
INFO: [ view_parse ] --START--
INFO: [ template_filter ] --START--
INFO: Run Behavior\ContentReplaceBehavior [ RunTime:0.000331s ]
INFO: [ template_filter ] --END-- [ RunTime:0.000750s ]
INFO: Run Behavior\ParseTemplateBehavior [ RunTime:0.069312s ]
INFO: [ view_parse ] --END-- [ RunTime:0.069786s ]
INFO: [ view_filter ] --START--
INFO: Run Behavior\WriteHtmlCacheBehavior [ RunTime:0.002859s ]
INFO: [ view_filter ] --END-- [ RunTime:0.003246s ]
INFO: [ app_end ] --START--
INFO: Run Behavior\ShowPageTraceBehavior [ RunTime:0.003507s ]
INFO: [ app_end ] --END-- [ RunTime:0.003903s ]

[ 2016-10-21T09:08:57+08:00 ] ::1 /tpblog/
INFO: [ app_init ] --START--
INFO: Run Behavior\BuildLiteBehavior [ RunTime:0.000089s ]
INFO: [ app_init ] --END-- [ RunTime:0.002702s ]
INFO: [ app_begin ] --START--
INFO: Run Behavior\ReadHtmlCacheBehavior [ RunTime:0.003386s ]
INFO: [ app_begin ] --END-- [ RunTime:0.003852s ]
SQL: SHOW COLUMNS FROM `tp_cate` [ RunTime:0.0450s ]
SQL: SELECT * FROM `tp_cate` ORDER BY sort desc  [ RunTime:0.0010s ]
SQL: SHOW COLUMNS FROM `tp_link` [ RunTime:0.0036s ]
SQL: SELECT * FROM `tp_link` ORDER BY sort desc  [ RunTime:0.0010s ]
SQL: SHOW COLUMNS FROM `tp_article` [ RunTime:0.0034s ]
SQL: SELECT * FROM `tp_article` ORDER BY time desc LIMIT 4   [ RunTime:0.0020s ]
SQL: SELECT COUNT(*) AS tp_count FROM `tp_article` LIMIT 1   [ RunTime:0.0007s ]
SQL: SELECT * FROM `tp_article` ORDER BY time desc LIMIT 0,4   [ RunTime:0.0020s ]
SQL: SHOW COLUMNS FROM `tp_board` [ RunTime:0.0036s ]
SQL: SELECT * FROM `tp_board`  [ RunTime:0.0009s ]
INFO: [ view_parse ] --START--
INFO: [ template_filter ] --START--
INFO: Run Behavior\ContentReplaceBehavior [ RunTime:0.000367s ]
INFO: [ template_filter ] --END-- [ RunTime:0.000784s ]
NOTIC: [8] Undefined variable: current D:\wamp\www\tpblog\Application\Runtime\Cache\Home\2a94b8bda04ff446dcedd42276fc99ee.php 第 31 行.
NOTIC: [8] Undefined variable: current D:\wamp\www\tpblog\Application\Runtime\Cache\Home\2a94b8bda04ff446dcedd42276fc99ee.php 第 31 行.
NOTIC: [8] Undefined variable: current D:\wamp\www\tpblog\Application\Runtime\Cache\Home\2a94b8bda04ff446dcedd42276fc99ee.php 第 31 行.
NOTIC: [8] Undefined variable: current D:\wamp\www\tpblog\Application\Runtime\Cache\Home\2a94b8bda04ff446dcedd42276fc99ee.php 第 31 行.
NOTIC: [8] Undefined variable: current D:\wamp\www\tpblog\Application\Runtime\Cache\Home\2a94b8bda04ff446dcedd42276fc99ee.php 第 31 行.
NOTIC: [8] Undefined variable: current D:\wamp\www\tpblog\Application\Runtime\Cache\Home\2a94b8bda04ff446dcedd42276fc99ee.php 第 31 行.
INFO: Run Behavior\ParseTemplateBehavior [ RunTime:0.083163s ]
INFO: [ view_parse ] --END-- [ RunTime:0.083583s ]
INFO: [ view_filter ] --START--
INFO: Run Behavior\WriteHtmlCacheBehavior [ RunTime:0.002512s ]
INFO: [ view_filter ] --END-- [ RunTime:0.002907s ]
INFO: [ app_end ] --START--
INFO: Run Behavior\ShowPageTraceBehavior [ RunTime:0.003063s ]
INFO: [ app_end ] --END-- [ RunTime:0.003484s ]

[ 2016-10-21T09:10:05+08:00 ] ::1 /tpblog/
INFO: [ app_init ] --START--
INFO: Run Behavior\BuildLiteBehavior [ RunTime:0.000108s ]
INFO: [ app_init ] --END-- [ RunTime:0.002968s ]
INFO: [ app_begin ] --START--
INFO: Run Behavior\ReadHtmlCacheBehavior [ RunTime:0.003548s ]
INFO: [ app_begin ] --END-- [ RunTime:0.003991s ]
SQL: SHOW COLUMNS FROM `tp_cate` [ RunTime:0.0026s ]
SQL: SELECT * FROM `tp_cate` ORDER BY sort desc  [ RunTime:0.0010s ]
SQL: SHOW COLUMNS FROM `tp_link` [ RunTime:0.0028s ]
SQL: SELECT * FROM `tp_link` ORDER BY sort desc  [ RunTime:0.0010s ]
SQL: SHOW COLUMNS FROM `tp_article` [ RunTime:0.0026s ]
SQL: SELECT * FROM `tp_article` ORDER BY time desc LIMIT 4   [ RunTime:0.0018s ]
SQL: SELECT COUNT(*) AS tp_count FROM `tp_article` LIMIT 1   [ RunTime:0.0008s ]
SQL: SELECT * FROM `tp_article` ORDER BY time desc LIMIT 0,4   [ RunTime:0.0019s ]
SQL: SHOW COLUMNS FROM `tp_board` [ RunTime:0.0024s ]
SQL: SELECT * FROM `tp_board` LIMIT 2   [ RunTime:0.0008s ]
INFO: [ view_parse ] --START--
INFO: [ template_filter ] --START--
INFO: Run Behavior\ContentReplaceBehavior [ RunTime:0.000324s ]
INFO: [ template_filter ] --END-- [ RunTime:0.000767s ]
NOTIC: [8] Undefined variable: current D:\wamp\www\tpblog\Application\Runtime\Cache\Home\2a94b8bda04ff446dcedd42276fc99ee.php 第 31 行.
NOTIC: [8] Undefined variable: current D:\wamp\www\tpblog\Application\Runtime\Cache\Home\2a94b8bda04ff446dcedd42276fc99ee.php 第 31 行.
NOTIC: [8] Undefined variable: current D:\wamp\www\tpblog\Application\Runtime\Cache\Home\2a94b8bda04ff446dcedd42276fc99ee.php 第 31 行.
NOTIC: [8] Undefined variable: current D:\wamp\www\tpblog\Application\Runtime\Cache\Home\2a94b8bda04ff446dcedd42276fc99ee.php 第 31 行.
NOTIC: [8] Undefined variable: current D:\wamp\www\tpblog\Application\Runtime\Cache\Home\2a94b8bda04ff446dcedd42276fc99ee.php 第 31 行.
NOTIC: [8] Undefined variable: current D:\wamp\www\tpblog\Application\Runtime\Cache\Home\2a94b8bda04ff446dcedd42276fc99ee.php 第 31 行.
INFO: Run Behavior\ParseTemplateBehavior [ RunTime:0.064132s ]
INFO: [ view_parse ] --END-- [ RunTime:0.064550s ]
INFO: [ view_filter ] --START--
INFO: Run Behavior\WriteHtmlCacheBehavior [ RunTime:0.002381s ]
INFO: [ view_filter ] --END-- [ RunTime:0.002773s ]
INFO: [ app_end ] --START--
INFO: Run Behavior\ShowPageTraceBehavior [ RunTime:0.002942s ]
INFO: [ app_end ] --END-- [ RunTime:0.003345s ]

[ 2016-10-21T09:10:41+08:00 ] ::1 /tpblog/
INFO: [ app_init ] --START--
INFO: Run Behavior\BuildLiteBehavior [ RunTime:0.000103s ]
INFO: [ app_init ] --END-- [ RunTime:0.002672s ]
INFO: [ app_begin ] --START--
INFO: Run Behavior\ReadHtmlCacheBehavior [ RunTime:0.003474s ]
INFO: [ app_begin ] --END-- [ RunTime:0.003931s ]
SQL: SHOW COLUMNS FROM `tp_cate` [ RunTime:0.0028s ]
SQL: SELECT * FROM `tp_cate` ORDER BY sort desc  [ RunTime:0.0009s ]
SQL: SHOW COLUMNS FROM `tp_link` [ RunTime:0.0026s ]
SQL: SELECT * FROM `tp_link` ORDER BY sort desc  [ RunTime:0.0010s ]
SQL: SHOW COLUMNS FROM `tp_article` [ RunTime:0.0025s ]
SQL: SELECT * FROM `tp_article` ORDER BY time desc LIMIT 4   [ RunTime:0.0018s ]
SQL: SELECT COUNT(*) AS tp_count FROM `tp_article` LIMIT 1   [ RunTime:0.0007s ]
SQL: SELECT * FROM `tp_article` ORDER BY time desc LIMIT 0,4   [ RunTime:0.0020s ]
SQL: SHOW COLUMNS FROM `tp_board` [ RunTime:0.0025s ]
SQL: SELECT * FROM `tp_board` LIMIT 2   [ RunTime:0.0009s ]
INFO: [ view_parse ] --START--
INFO: [ template_filter ] --START--
INFO: Run Behavior\ContentReplaceBehavior [ RunTime:0.000345s ]
INFO: [ template_filter ] --END-- [ RunTime:0.000767s ]
NOTIC: [8] Undefined variable: current D:\wamp\www\tpblog\Application\Runtime\Cache\Home\2a94b8bda04ff446dcedd42276fc99ee.php 第 31 行.
NOTIC: [8] Undefined variable: current D:\wamp\www\tpblog\Application\Runtime\Cache\Home\2a94b8bda04ff446dcedd42276fc99ee.php 第 31 行.
NOTIC: [8] Undefined variable: current D:\wamp\www\tpblog\Application\Runtime\Cache\Home\2a94b8bda04ff446dcedd42276fc99ee.php 第 31 行.
NOTIC: [8] Undefined variable: current D:\wamp\www\tpblog\Application\Runtime\Cache\Home\2a94b8bda04ff446dcedd42276fc99ee.php 第 31 行.
NOTIC: [8] Undefined variable: current D:\wamp\www\tpblog\Application\Runtime\Cache\Home\2a94b8bda04ff446dcedd42276fc99ee.php 第 31 行.
NOTIC: [8] Undefined variable: current D:\wamp\www\tpblog\Application\Runtime\Cache\Home\2a94b8bda04ff446dcedd42276fc99ee.php 第 31 行.
INFO: Run Behavior\ParseTemplateBehavior [ RunTime:0.066122s ]
INFO: [ view_parse ] --END-- [ RunTime:0.066552s ]
INFO: [ view_filter ] --START--
INFO: Run Behavior\WriteHtmlCacheBehavior [ RunTime:0.002490s ]
INFO: [ view_filter ] --END-- [ RunTime:0.002882s ]
INFO: [ app_end ] --START--
INFO: Run Behavior\ShowPageTraceBehavior [ RunTime:0.002995s ]
INFO: [ app_end ] --END-- [ RunTime:0.003413s ]

[ 2016-10-21T09:10:53+08:00 ] ::1 /tpblog/
INFO: [ app_init ] --START--
INFO: Run Behavior\BuildLiteBehavior [ RunTime:0.000089s ]
INFO: [ app_init ] --END-- [ RunTime:0.002796s ]
INFO: [ app_begin ] --START--
INFO: Run Behavior\ReadHtmlCacheBehavior [ RunTime:0.003470s ]
INFO: [ app_begin ] --END-- [ RunTime:0.003919s ]
SQL: SHOW COLUMNS FROM `tp_cate` [ RunTime:0.0027s ]
SQL: SELECT * FROM `tp_cate` ORDER BY sort desc  [ RunTime:0.0009s ]
SQL: SHOW COLUMNS FROM `tp_link` [ RunTime:0.0025s ]
SQL: SELECT * FROM `tp_link` ORDER BY sort desc  [ RunTime:0.0011s ]
SQL: SHOW COLUMNS FROM `tp_article` [ RunTime:0.0027s ]
SQL: SELECT * FROM `tp_article` ORDER BY time desc LIMIT 4   [ RunTime:0.0018s ]
SQL: SELECT COUNT(*) AS tp_count FROM `tp_article` LIMIT 1   [ RunTime:0.0006s ]
SQL: SELECT * FROM `tp_article` ORDER BY time desc LIMIT 0,4   [ RunTime:0.0021s ]
SQL: SHOW COLUMNS FROM `tp_board` [ RunTime:0.0025s ]
SQL: SELECT * FROM `tp_board` LIMIT 2   [ RunTime:0.0008s ]
INFO: [ view_parse ] --START--
INFO: [ template_filter ] --START--
INFO: Run Behavior\ContentReplaceBehavior [ RunTime:0.000335s ]
INFO: [ template_filter ] --END-- [ RunTime:0.000785s ]
NOTIC: [8] Undefined variable: current D:\wamp\www\tpblog\Application\Runtime\Cache\Home\2a94b8bda04ff446dcedd42276fc99ee.php 第 31 行.
NOTIC: [8] Undefined variable: current D:\wamp\www\tpblog\Application\Runtime\Cache\Home\2a94b8bda04ff446dcedd42276fc99ee.php 第 31 行.
NOTIC: [8] Undefined variable: current D:\wamp\www\tpblog\Application\Runtime\Cache\Home\2a94b8bda04ff446dcedd42276fc99ee.php 第 31 行.
NOTIC: [8] Undefined variable: current D:\wamp\www\tpblog\Application\Runtime\Cache\Home\2a94b8bda04ff446dcedd42276fc99ee.php 第 31 行.
NOTIC: [8] Undefined variable: current D:\wamp\www\tpblog\Application\Runtime\Cache\Home\2a94b8bda04ff446dcedd42276fc99ee.php 第 31 行.
NOTIC: [8] Undefined variable: current D:\wamp\www\tpblog\Application\Runtime\Cache\Home\2a94b8bda04ff446dcedd42276fc99ee.php 第 31 行.
INFO: Run Behavior\ParseTemplateBehavior [ RunTime:0.066028s ]
INFO: [ view_parse ] --END-- [ RunTime:0.066479s ]
INFO: [ view_filter ] --START--
INFO: Run Behavior\WriteHtmlCacheBehavior [ RunTime:0.002623s ]
INFO: [ view_filter ] --END-- [ RunTime:0.003014s ]
INFO: [ app_end ] --START--
INFO: Run Behavior\ShowPageTraceBehavior [ RunTime:0.003148s ]
INFO: [ app_end ] --END-- [ RunTime:0.003563s ]

[ 2016-10-21T09:11:42+08:00 ] ::1 /tpblog/
INFO: [ app_init ] --START--
INFO: Run Behavior\BuildLiteBehavior [ RunTime:0.000088s ]
INFO: [ app_init ] --END-- [ RunTime:0.003175s ]
INFO: [ app_begin ] --START--
INFO: Run Behavior\ReadHtmlCacheBehavior [ RunTime:0.003481s ]
INFO: [ app_begin ] --END-- [ RunTime:0.004100s ]
SQL: SHOW COLUMNS FROM `tp_cate` [ RunTime:0.0028s ]
SQL: SELECT * FROM `tp_cate` ORDER BY sort desc  [ RunTime:0.0009s ]
SQL: SHOW COLUMNS FROM `tp_link` [ RunTime:0.0026s ]
SQL: SELECT * FROM `tp_link` ORDER BY sort desc  [ RunTime:0.0010s ]
SQL: SHOW COLUMNS FROM `tp_article` [ RunTime:0.0027s ]
SQL: SELECT * FROM `tp_article` ORDER BY time desc LIMIT 4   [ RunTime:0.0019s ]
SQL: SELECT COUNT(*) AS tp_count FROM `tp_article` LIMIT 1   [ RunTime:0.0007s ]
SQL: SELECT * FROM `tp_article` ORDER BY time desc LIMIT 0,4   [ RunTime:0.0026s ]
SQL: SHOW COLUMNS FROM `tp_board` [ RunTime:0.0026s ]
SQL: SELECT * FROM `tp_board` LIMIT 2   [ RunTime:0.0009s ]
INFO: [ view_parse ] --START--
INFO: [ template_filter ] --START--
INFO: Run Behavior\ContentReplaceBehavior [ RunTime:0.000334s ]
INFO: [ template_filter ] --END-- [ RunTime:0.000755s ]
NOTIC: [8] Undefined variable: current D:\wamp\www\tpblog\Application\Runtime\Cache\Home\2a94b8bda04ff446dcedd42276fc99ee.php 第 31 行.
NOTIC: [8] Undefined variable: current D:\wamp\www\tpblog\Application\Runtime\Cache\Home\2a94b8bda04ff446dcedd42276fc99ee.php 第 31 行.
NOTIC: [8] Undefined variable: current D:\wamp\www\tpblog\Application\Runtime\Cache\Home\2a94b8bda04ff446dcedd42276fc99ee.php 第 31 行.
NOTIC: [8] Undefined variable: current D:\wamp\www\tpblog\Application\Runtime\Cache\Home\2a94b8bda04ff446dcedd42276fc99ee.php 第 31 行.
NOTIC: [8] Undefined variable: current D:\wamp\www\tpblog\Application\Runtime\Cache\Home\2a94b8bda04ff446dcedd42276fc99ee.php 第 31 行.
NOTIC: [8] Undefined variable: current D:\wamp\www\tpblog\Application\Runtime\Cache\Home\2a94b8bda04ff446dcedd42276fc99ee.php 第 31 行.
INFO: Run Behavior\ParseTemplateBehavior [ RunTime:0.068187s ]
INFO: [ view_parse ] --END-- [ RunTime:0.068623s ]
INFO: [ view_filter ] --START--
INFO: Run Behavior\WriteHtmlCacheBehavior [ RunTime:0.002687s ]
INFO: [ view_filter ] --END-- [ RunTime:0.003075s ]
INFO: [ app_end ] --START--
INFO: Run Behavior\ShowPageTraceBehavior [ RunTime:0.003082s ]
INFO: [ app_end ] --END-- [ RunTime:0.003483s ]

[ 2016-10-21T09:11:44+08:00 ] ::1 /tpblog/
INFO: [ app_init ] --START--
INFO: Run Behavior\BuildLiteBehavior [ RunTime:0.000090s ]
INFO: [ app_init ] --END-- [ RunTime:0.002414s ]
INFO: [ app_begin ] --START--
INFO: Run Behavior\ReadHtmlCacheBehavior [ RunTime:0.002556s ]
INFO: [ app_begin ] --END-- [ RunTime:0.002988s ]
SQL: SHOW COLUMNS FROM `tp_cate` [ RunTime:0.0025s ]
SQL: SELECT * FROM `tp_cate` ORDER BY sort desc  [ RunTime:0.0009s ]
SQL: SHOW COLUMNS FROM `tp_link` [ RunTime:0.0025s ]
SQL: SELECT * FROM `tp_link` ORDER BY sort desc  [ RunTime:0.0009s ]
SQL: SHOW COLUMNS FROM `tp_article` [ RunTime:0.0024s ]
SQL: SELECT * FROM `tp_article` ORDER BY time desc LIMIT 4   [ RunTime:0.0018s ]
SQL: SELECT COUNT(*) AS tp_count FROM `tp_article` LIMIT 1   [ RunTime:0.0006s ]
SQL: SELECT * FROM `tp_article` ORDER BY time desc LIMIT 0,4   [ RunTime:0.0017s ]
SQL: SHOW COLUMNS FROM `tp_board` [ RunTime:0.0023s ]
SQL: SELECT * FROM `tp_board` LIMIT 2   [ RunTime:0.0008s ]
INFO: [ view_parse ] --START--
INFO: [ template_filter ] --START--
INFO: Run Behavior\ContentReplaceBehavior [ RunTime:0.000323s ]
INFO: [ template_filter ] --END-- [ RunTime:0.000724s ]
NOTIC: [8] Undefined variable: current D:\wamp\www\tpblog\Application\Runtime\Cache\Home\2a94b8bda04ff446dcedd42276fc99ee.php 第 31 行.
NOTIC: [8] Undefined variable: current D:\wamp\www\tpblog\Application\Runtime\Cache\Home\2a94b8bda04ff446dcedd42276fc99ee.php 第 31 行.
NOTIC: [8] Undefined variable: current D:\wamp\www\tpblog\Application\Runtime\Cache\Home\2a94b8bda04ff446dcedd42276fc99ee.php 第 31 行.
NOTIC: [8] Undefined variable: current D:\wamp\www\tpblog\Application\Runtime\Cache\Home\2a94b8bda04ff446dcedd42276fc99ee.php 第 31 行.
NOTIC: [8] Undefined variable: current D:\wamp\www\tpblog\Application\Runtime\Cache\Home\2a94b8bda04ff446dcedd42276fc99ee.php 第 31 行.
NOTIC: [8] Undefined variable: current D:\wamp\www\tpblog\Application\Runtime\Cache\Home\2a94b8bda04ff446dcedd42276fc99ee.php 第 31 行.
INFO: Run Behavior\ParseTemplateBehavior [ RunTime:0.058449s ]
INFO: [ view_parse ] --END-- [ RunTime:0.059002s ]
INFO: [ view_filter ] --START--
INFO: Run Behavior\WriteHtmlCacheBehavior [ RunTime:0.001827s ]
INFO: [ view_filter ] --END-- [ RunTime:0.002214s ]
INFO: [ app_end ] --START--
INFO: Run Behavior\ShowPageTraceBehavior [ RunTime:0.002818s ]
INFO: [ app_end ] --END-- [ RunTime:0.003219s ]

[ 2016-10-21T09:11:52+08:00 ] ::1 /tpblog/
INFO: [ app_init ] --START--
INFO: Run Behavior\BuildLiteBehavior [ RunTime:0.000091s ]
INFO: [ app_init ] --END-- [ RunTime:0.002635s ]
INFO: [ app_begin ] --START--
INFO: Run Behavior\ReadHtmlCacheBehavior [ RunTime:0.002721s ]
INFO: [ app_begin ] --END-- [ RunTime:0.003190s ]
SQL: SHOW COLUMNS FROM `tp_cate` [ RunTime:0.0026s ]
SQL: SELECT * FROM `tp_cate` ORDER BY sort desc  [ RunTime:0.0010s ]
SQL: SHOW COLUMNS FROM `tp_link` [ RunTime:0.0025s ]
SQL: SELECT * FROM `tp_link` ORDER BY sort desc  [ RunTime:0.0010s ]
SQL: SHOW COLUMNS FROM `tp_article` [ RunTime:0.0025s ]
SQL: SELECT * FROM `tp_article` ORDER BY time desc LIMIT 4   [ RunTime:0.0018s ]
SQL: SELECT COUNT(*) AS tp_count FROM `tp_article` LIMIT 1   [ RunTime:0.0006s ]
SQL: SELECT * FROM `tp_article` ORDER BY time desc LIMIT 0,4   [ RunTime:0.0019s ]
SQL: SHOW COLUMNS FROM `tp_board` [ RunTime:0.0025s ]
SQL: SELECT * FROM `tp_board` LIMIT 2   [ RunTime:0.0009s ]
INFO: [ view_parse ] --START--
INFO: [ template_filter ] --START--
INFO: Run Behavior\ContentReplaceBehavior [ RunTime:0.000329s ]
INFO: [ template_filter ] --END-- [ RunTime:0.000737s ]
NOTIC: [8] Undefined variable: current D:\wamp\www\tpblog\Application\Runtime\Cache\Home\2a94b8bda04ff446dcedd42276fc99ee.php 第 31 行.
NOTIC: [8] Undefined variable: current D:\wamp\www\tpblog\Application\Runtime\Cache\Home\2a94b8bda04ff446dcedd42276fc99ee.php 第 31 行.
NOTIC: [8] Undefined variable: current D:\wamp\www\tpblog\Application\Runtime\Cache\Home\2a94b8bda04ff446dcedd42276fc99ee.php 第 31 行.
NOTIC: [8] Undefined variable: current D:\wamp\www\tpblog\Application\Runtime\Cache\Home\2a94b8bda04ff446dcedd42276fc99ee.php 第 31 行.
NOTIC: [8] Undefined variable: current D:\wamp\www\tpblog\Application\Runtime\Cache\Home\2a94b8bda04ff446dcedd42276fc99ee.php 第 31 行.
NOTIC: [8] Undefined variable: current D:\wamp\www\tpblog\Application\Runtime\Cache\Home\2a94b8bda04ff446dcedd42276fc99ee.php 第 31 行.
INFO: Run Behavior\ParseTemplateBehavior [ RunTime:0.059525s ]
INFO: [ view_parse ] --END-- [ RunTime:0.059940s ]
INFO: [ view_filter ] --START--
INFO: Run Behavior\WriteHtmlCacheBehavior [ RunTime:0.001953s ]
INFO: [ view_filter ] --END-- [ RunTime:0.002345s ]
INFO: [ app_end ] --START--
INFO: Run Behavior\ShowPageTraceBehavior [ RunTime:0.002818s ]
INFO: [ app_end ] --END-- [ RunTime:0.003231s ]

[ 2016-10-21T09:11:57+08:00 ] ::1 /tpblog/
INFO: [ app_init ] --START--
INFO: Run Behavior\BuildLiteBehavior [ RunTime:0.000094s ]
INFO: [ app_init ] --END-- [ RunTime:0.002411s ]
INFO: [ app_begin ] --START--
INFO: Run Behavior\ReadHtmlCacheBehavior [ RunTime:0.003267s ]
INFO: [ app_begin ] --END-- [ RunTime:0.003849s ]
SQL: SHOW COLUMNS FROM `tp_cate` [ RunTime:0.0035s ]
SQL: SELECT * FROM `tp_cate` ORDER BY sort desc  [ RunTime:0.0009s ]
SQL: SHOW COLUMNS FROM `tp_link` [ RunTime:0.0026s ]
SQL: SELECT * FROM `tp_link` ORDER BY sort desc  [ RunTime:0.0010s ]
SQL: SHOW COLUMNS FROM `tp_article` [ RunTime:0.0027s ]
SQL: SELECT * FROM `tp_article` ORDER BY time desc LIMIT 4   [ RunTime:0.0019s ]
SQL: SELECT COUNT(*) AS tp_count FROM `tp_article` LIMIT 1   [ RunTime:0.0007s ]
SQL: SELECT * FROM `tp_article` ORDER BY time desc LIMIT 0,4   [ RunTime:0.0019s ]
SQL: SHOW COLUMNS FROM `tp_board` [ RunTime:0.0026s ]
SQL: SELECT * FROM `tp_board` LIMIT 2   [ RunTime:0.0008s ]
INFO: [ view_parse ] --START--
INFO: [ template_filter ] --START--
INFO: Run Behavior\ContentReplaceBehavior [ RunTime:0.000332s ]
INFO: [ template_filter ] --END-- [ RunTime:0.000745s ]
NOTIC: [8] Undefined variable: current D:\wamp\www\tpblog\Application\Runtime\Cache\Home\2a94b8bda04ff446dcedd42276fc99ee.php 第 31 行.
NOTIC: [8] Undefined variable: current D:\wamp\www\tpblog\Application\Runtime\Cache\Home\2a94b8bda04ff446dcedd42276fc99ee.php 第 31 行.
NOTIC: [8] Undefined variable: current D:\wamp\www\tpblog\Application\Runtime\Cache\Home\2a94b8bda04ff446dcedd42276fc99ee.php 第 31 行.
NOTIC: [8] Undefined variable: current D:\wamp\www\tpblog\Application\Runtime\Cache\Home\2a94b8bda04ff446dcedd42276fc99ee.php 第 31 行.
NOTIC: [8] Undefined variable: current D:\wamp\www\tpblog\Application\Runtime\Cache\Home\2a94b8bda04ff446dcedd42276fc99ee.php 第 31 行.
NOTIC: [8] Undefined variable: current D:\wamp\www\tpblog\Application\Runtime\Cache\Home\2a94b8bda04ff446dcedd42276fc99ee.php 第 31 行.
INFO: Run Behavior\ParseTemplateBehavior [ RunTime:0.061936s ]
INFO: [ view_parse ] --END-- [ RunTime:0.062355s ]
INFO: [ view_filter ] --START--
INFO: Run Behavior\WriteHtmlCacheBehavior [ RunTime:0.001878s ]
INFO: [ view_filter ] --END-- [ RunTime:0.002266s ]
INFO: [ app_end ] --START--
INFO: Run Behavior\ShowPageTraceBehavior [ RunTime:0.002821s ]
INFO: [ app_end ] --END-- [ RunTime:0.003389s ]

[ 2016-10-21T09:12:29+08:00 ] ::1 /tpblog/
INFO: [ app_init ] --START--
INFO: Run Behavior\BuildLiteBehavior [ RunTime:0.000092s ]
INFO: [ app_init ] --END-- [ RunTime:0.002351s ]
INFO: [ app_begin ] --START--
INFO: Run Behavior\ReadHtmlCacheBehavior [ RunTime:0.002390s ]
INFO: [ app_begin ] --END-- [ RunTime:0.002808s ]
SQL: SHOW COLUMNS FROM `tp_cate` [ RunTime:0.0030s ]
SQL: SELECT * FROM `tp_cate` ORDER BY sort desc  [ RunTime:0.0010s ]
SQL: SHOW COLUMNS FROM `tp_link` [ RunTime:0.0026s ]
SQL: SELECT * FROM `tp_link` ORDER BY sort desc  [ RunTime:0.0010s ]
SQL: SHOW COLUMNS FROM `tp_article` [ RunTime:0.0028s ]
SQL: SELECT * FROM `tp_article` ORDER BY time desc LIMIT 4   [ RunTime:0.0020s ]
SQL: SELECT COUNT(*) AS tp_count FROM `tp_article` LIMIT 1   [ RunTime:0.0007s ]
SQL: SELECT * FROM `tp_article` ORDER BY time desc LIMIT 0,4   [ RunTime:0.0020s ]
SQL: SHOW COLUMNS FROM `tp_board` [ RunTime:0.0026s ]
SQL: SELECT * FROM `tp_board` LIMIT 2   [ RunTime:0.0008s ]
INFO: [ view_parse ] --START--
INFO: [ template_filter ] --START--
INFO: Run Behavior\ContentReplaceBehavior [ RunTime:0.000342s ]
INFO: [ template_filter ] --END-- [ RunTime:0.000757s ]
NOTIC: [8] Undefined variable: current D:\wamp\www\tpblog\Application\Runtime\Cache\Home\2a94b8bda04ff446dcedd42276fc99ee.php 第 31 行.
NOTIC: [8] Undefined variable: current D:\wamp\www\tpblog\Application\Runtime\Cache\Home\2a94b8bda04ff446dcedd42276fc99ee.php 第 31 行.
NOTIC: [8] Undefined variable: current D:\wamp\www\tpblog\Application\Runtime\Cache\Home\2a94b8bda04ff446dcedd42276fc99ee.php 第 31 行.
NOTIC: [8] Undefined variable: current D:\wamp\www\tpblog\Application\Runtime\Cache\Home\2a94b8bda04ff446dcedd42276fc99ee.php 第 31 行.
NOTIC: [8] Undefined variable: current D:\wamp\www\tpblog\Application\Runtime\Cache\Home\2a94b8bda04ff446dcedd42276fc99ee.php 第 31 行.
NOTIC: [8] Undefined variable: current D:\wamp\www\tpblog\Application\Runtime\Cache\Home\2a94b8bda04ff446dcedd42276fc99ee.php 第 31 行.
INFO: Run Behavior\ParseTemplateBehavior [ RunTime:0.060401s ]
INFO: [ view_parse ] --END-- [ RunTime:0.060823s ]
INFO: [ view_filter ] --START--
INFO: Run Behavior\WriteHtmlCacheBehavior [ RunTime:0.002120s ]
INFO: [ view_filter ] --END-- [ RunTime:0.002524s ]
INFO: [ app_end ] --START--
INFO: Run Behavior\ShowPageTraceBehavior [ RunTime:0.002827s ]
INFO: [ app_end ] --END-- [ RunTime:0.003230s ]

[ 2016-10-21T09:12:38+08:00 ] ::1 /tpblog/
INFO: [ app_init ] --START--
INFO: Run Behavior\BuildLiteBehavior [ RunTime:0.000281s ]
INFO: [ app_init ] --END-- [ RunTime:0.021413s ]
INFO: [ app_begin ] --START--
INFO: Run Behavior\ReadHtmlCacheBehavior [ RunTime:0.004072s ]
INFO: [ app_begin ] --END-- [ RunTime:0.004733s ]
SQL: SHOW COLUMNS FROM `tp_cate` [ RunTime:0.0038s ]
SQL: SELECT * FROM `tp_cate` ORDER BY sort desc  [ RunTime:0.0015s ]
SQL: SHOW COLUMNS FROM `tp_link` [ RunTime:0.0033s ]
SQL: SELECT * FROM `tp_link` ORDER BY sort desc  [ RunTime:0.0013s ]
SQL: SHOW COLUMNS FROM `tp_article` [ RunTime:0.0033s ]
SQL: SELECT * FROM `tp_article` ORDER BY time desc LIMIT 4   [ RunTime:0.0020s ]
SQL: SELECT COUNT(*) AS tp_count FROM `tp_article` LIMIT 1   [ RunTime:0.0009s ]
SQL: SELECT * FROM `tp_article` ORDER BY time desc LIMIT 0,4   [ RunTime:0.0024s ]
SQL: SHOW COLUMNS FROM `tp_board` [ RunTime:0.0038s ]
SQL: SELECT * FROM `tp_board` LIMIT 2   [ RunTime:0.0009s ]
INFO: [ view_parse ] --START--
INFO: [ template_filter ] --START--
INFO: Run Behavior\ContentReplaceBehavior [ RunTime:0.000337s ]
INFO: [ template_filter ] --END-- [ RunTime:0.000760s ]
NOTIC: [8] Undefined variable: current D:\wamp\www\tpblog\Application\Runtime\Cache\Home\2a94b8bda04ff446dcedd42276fc99ee.php 第 31 行.
NOTIC: [8] Undefined variable: current D:\wamp\www\tpblog\Application\Runtime\Cache\Home\2a94b8bda04ff446dcedd42276fc99ee.php 第 31 行.
NOTIC: [8] Undefined variable: current D:\wamp\www\tpblog\Application\Runtime\Cache\Home\2a94b8bda04ff446dcedd42276fc99ee.php 第 31 行.
NOTIC: [8] Undefined variable: current D:\wamp\www\tpblog\Application\Runtime\Cache\Home\2a94b8bda04ff446dcedd42276fc99ee.php 第 31 行.
NOTIC: [8] Undefined variable: current D:\wamp\www\tpblog\Application\Runtime\Cache\Home\2a94b8bda04ff446dcedd42276fc99ee.php 第 31 行.
NOTIC: [8] Undefined variable: current D:\wamp\www\tpblog\Application\Runtime\Cache\Home\2a94b8bda04ff446dcedd42276fc99ee.php 第 31 行.
INFO: Run Behavior\ParseTemplateBehavior [ RunTime:0.083270s ]
INFO: [ view_parse ] --END-- [ RunTime:0.083841s ]
INFO: [ view_filter ] --START--
INFO: Run Behavior\WriteHtmlCacheBehavior [ RunTime:0.002587s ]
INFO: [ view_filter ] --END-- [ RunTime:0.003116s ]
INFO: [ app_end ] --START--
INFO: Run Behavior\ShowPageTraceBehavior [ RunTime:0.004816s ]
INFO: [ app_end ] --END-- [ RunTime:0.005487s ]

[ 2016-10-21T09:12:55+08:00 ] ::1 /tpblog/
INFO: [ app_init ] --START--
INFO: Run Behavior\BuildLiteBehavior [ RunTime:0.000156s ]
INFO: [ app_init ] --END-- [ RunTime:0.004734s ]
INFO: [ app_begin ] --START--
INFO: Run Behavior\ReadHtmlCacheBehavior [ RunTime:0.005878s ]
INFO: [ app_begin ] --END-- [ RunTime:0.006492s ]
SQL: SHOW COLUMNS FROM `tp_cate` [ RunTime:0.0030s ]
SQL: SELECT * FROM `tp_cate` ORDER BY sort desc  [ RunTime:0.0010s ]
SQL: SHOW COLUMNS FROM `tp_link` [ RunTime:0.0035s ]
SQL: SELECT * FROM `tp_link` ORDER BY sort desc  [ RunTime:0.0015s ]
SQL: SHOW COLUMNS FROM `tp_article` [ RunTime:0.0030s ]
SQL: SELECT * FROM `tp_article` ORDER BY time desc LIMIT 4   [ RunTime:0.0023s ]
SQL: SELECT COUNT(*) AS tp_count FROM `tp_article` LIMIT 1   [ RunTime:0.0007s ]
SQL: SELECT * FROM `tp_article` ORDER BY time desc LIMIT 0,4   [ RunTime:0.0023s ]
SQL: SHOW COLUMNS FROM `tp_board` [ RunTime:0.0030s ]
SQL: SELECT * FROM `tp_board` LIMIT 2   [ RunTime:0.0014s ]
INFO: [ view_parse ] --START--
INFO: [ template_filter ] --START--
INFO: Run Behavior\ContentReplaceBehavior [ RunTime:0.000334s ]
INFO: [ template_filter ] --END-- [ RunTime:0.000758s ]
NOTIC: [8] Undefined variable: current D:\wamp\www\tpblog\Application\Runtime\Cache\Home\2a94b8bda04ff446dcedd42276fc99ee.php 第 31 行.
NOTIC: [8] Undefined variable: current D:\wamp\www\tpblog\Application\Runtime\Cache\Home\2a94b8bda04ff446dcedd42276fc99ee.php 第 31 行.
NOTIC: [8] Undefined variable: current D:\wamp\www\tpblog\Application\Runtime\Cache\Home\2a94b8bda04ff446dcedd42276fc99ee.php 第 31 行.
NOTIC: [8] Undefined variable: current D:\wamp\www\tpblog\Application\Runtime\Cache\Home\2a94b8bda04ff446dcedd42276fc99ee.php 第 31 行.
NOTIC: [8] Undefined variable: current D:\wamp\www\tpblog\Application\Runtime\Cache\Home\2a94b8bda04ff446dcedd42276fc99ee.php 第 31 行.
NOTIC: [8] Undefined variable: current D:\wamp\www\tpblog\Application\Runtime\Cache\Home\2a94b8bda04ff446dcedd42276fc99ee.php 第 31 行.
INFO: Run Behavior\ParseTemplateBehavior [ RunTime:0.084684s ]
INFO: [ view_parse ] --END-- [ RunTime:0.085271s ]
INFO: [ view_filter ] --START--
INFO: Run Behavior\WriteHtmlCacheBehavior [ RunTime:0.002565s ]
INFO: [ view_filter ] --END-- [ RunTime:0.002966s ]
INFO: [ app_end ] --START--
INFO: Run Behavior\ShowPageTraceBehavior [ RunTime:0.003107s ]
INFO: [ app_end ] --END-- [ RunTime:0.003522s ]

[ 2016-10-21T09:13:27+08:00 ] ::1 /tpblog/
INFO: [ app_init ] --START--
INFO: Run Behavior\BuildLiteBehavior [ RunTime:0.000107s ]
INFO: [ app_init ] --END-- [ RunTime:0.002954s ]
INFO: [ app_begin ] --START--
INFO: Run Behavior\ReadHtmlCacheBehavior [ RunTime:0.003942s ]
INFO: [ app_begin ] --END-- [ RunTime:0.004386s ]
SQL: SHOW COLUMNS FROM `tp_cate` [ RunTime:0.0033s ]
SQL: SELECT * FROM `tp_cate` ORDER BY sort desc  [ RunTime:0.0010s ]
SQL: SHOW COLUMNS FROM `tp_link` [ RunTime:0.0026s ]
SQL: SELECT * FROM `tp_link` ORDER BY sort desc  [ RunTime:0.0010s ]
SQL: SHOW COLUMNS FROM `tp_article` [ RunTime:0.0028s ]
SQL: SELECT * FROM `tp_article` ORDER BY time desc LIMIT 4   [ RunTime:0.0020s ]
SQL: SELECT COUNT(*) AS tp_count FROM `tp_article` LIMIT 1   [ RunTime:0.0007s ]
SQL: SELECT * FROM `tp_article` ORDER BY time desc LIMIT 0,4   [ RunTime:0.0022s ]
SQL: SHOW COLUMNS FROM `tp_board` [ RunTime:0.0035s ]
SQL: SELECT * FROM `tp_board` LIMIT 2   [ RunTime:0.0008s ]
INFO: [ view_parse ] --START--
INFO: [ template_filter ] --START--
INFO: Run Behavior\ContentReplaceBehavior [ RunTime:0.000613s ]
INFO: [ template_filter ] --END-- [ RunTime:0.001431s ]
NOTIC: [8] Undefined variable: current D:\wamp\www\tpblog\Application\Runtime\Cache\Home\2a94b8bda04ff446dcedd42276fc99ee.php 第 31 行.
NOTIC: [8] Undefined variable: current D:\wamp\www\tpblog\Application\Runtime\Cache\Home\2a94b8bda04ff446dcedd42276fc99ee.php 第 31 行.
NOTIC: [8] Undefined variable: current D:\wamp\www\tpblog\Application\Runtime\Cache\Home\2a94b8bda04ff446dcedd42276fc99ee.php 第 31 行.
NOTIC: [8] Undefined variable: current D:\wamp\www\tpblog\Application\Runtime\Cache\Home\2a94b8bda04ff446dcedd42276fc99ee.php 第 31 行.
NOTIC: [8] Undefined variable: current D:\wamp\www\tpblog\Application\Runtime\Cache\Home\2a94b8bda04ff446dcedd42276fc99ee.php 第 31 行.
NOTIC: [8] Undefined variable: current D:\wamp\www\tpblog\Application\Runtime\Cache\Home\2a94b8bda04ff446dcedd42276fc99ee.php 第 31 行.
INFO: Run Behavior\ParseTemplateBehavior [ RunTime:0.100271s ]
INFO: [ view_parse ] --END-- [ RunTime:0.100898s ]
INFO: [ view_filter ] --START--
INFO: Run Behavior\WriteHtmlCacheBehavior [ RunTime:0.007188s ]
INFO: [ view_filter ] --END-- [ RunTime:0.007959s ]
INFO: [ app_end ] --START--
INFO: Run Behavior\ShowPageTraceBehavior [ RunTime:0.006799s ]
INFO: [ app_end ] --END-- [ RunTime:0.007570s ]

[ 2016-10-21T09:13:43+08:00 ] ::1 /tpblog/
INFO: [ app_init ] --START--
INFO: Run Behavior\BuildLiteBehavior [ RunTime:0.000091s ]
INFO: [ app_init ] --END-- [ RunTime:0.002460s ]
INFO: [ app_begin ] --START--
INFO: Run Behavior\ReadHtmlCacheBehavior [ RunTime:0.002687s ]
INFO: [ app_begin ] --END-- [ RunTime:0.003123s ]
SQL: SHOW COLUMNS FROM `tp_cate` [ RunTime:0.0027s ]
SQL: SELECT * FROM `tp_cate` ORDER BY sort desc  [ RunTime:0.0009s ]
SQL: SHOW COLUMNS FROM `tp_link` [ RunTime:0.0028s ]
SQL: SELECT * FROM `tp_link` ORDER BY sort desc  [ RunTime:0.0011s ]
SQL: SHOW COLUMNS FROM `tp_article` [ RunTime:0.0028s ]
SQL: SELECT * FROM `tp_article` ORDER BY time desc LIMIT 4   [ RunTime:0.0019s ]
SQL: SELECT COUNT(*) AS tp_count FROM `tp_article` LIMIT 1   [ RunTime:0.0008s ]
SQL: SELECT * FROM `tp_article` ORDER BY time desc LIMIT 0,4   [ RunTime:0.0020s ]
SQL: SHOW COLUMNS FROM `tp_board` [ RunTime:0.0025s ]
SQL: SELECT * FROM `tp_board` LIMIT 2   [ RunTime:0.0009s ]
INFO: [ view_parse ] --START--
INFO: [ template_filter ] --START--
INFO: Run Behavior\ContentReplaceBehavior [ RunTime:0.000334s ]
INFO: [ template_filter ] --END-- [ RunTime:0.000745s ]
NOTIC: [8] Undefined variable: current D:\wamp\www\tpblog\Application\Runtime\Cache\Home\2a94b8bda04ff446dcedd42276fc99ee.php 第 31 行.
NOTIC: [8] Undefined variable: current D:\wamp\www\tpblog\Application\Runtime\Cache\Home\2a94b8bda04ff446dcedd42276fc99ee.php 第 31 行.
NOTIC: [8] Undefined variable: current D:\wamp\www\tpblog\Application\Runtime\Cache\Home\2a94b8bda04ff446dcedd42276fc99ee.php 第 31 行.
NOTIC: [8] Undefined variable: current D:\wamp\www\tpblog\Application\Runtime\Cache\Home\2a94b8bda04ff446dcedd42276fc99ee.php 第 31 行.
NOTIC: [8] Undefined variable: current D:\wamp\www\tpblog\Application\Runtime\Cache\Home\2a94b8bda04ff446dcedd42276fc99ee.php 第 31 行.
NOTIC: [8] Undefined variable: current D:\wamp\www\tpblog\Application\Runtime\Cache\Home\2a94b8bda04ff446dcedd42276fc99ee.php 第 31 行.
INFO: Run Behavior\ParseTemplateBehavior [ RunTime:0.059916s ]
INFO: [ view_parse ] --END-- [ RunTime:0.060338s ]
INFO: [ view_filter ] --START--
INFO: Run Behavior\WriteHtmlCacheBehavior [ RunTime:0.001896s ]
INFO: [ view_filter ] --END-- [ RunTime:0.002285s ]
INFO: [ app_end ] --START--
INFO: Run Behavior\ShowPageTraceBehavior [ RunTime:0.003039s ]
INFO: [ app_end ] --END-- [ RunTime:0.003455s ]

[ 2016-10-21T09:14:30+08:00 ] ::1 /tpblog/
INFO: [ app_init ] --START--
INFO: Run Behavior\BuildLiteBehavior [ RunTime:0.000089s ]
INFO: [ app_init ] --END-- [ RunTime:0.003155s ]
INFO: [ app_begin ] --START--
INFO: Run Behavior\ReadHtmlCacheBehavior [ RunTime:0.003123s ]
INFO: [ app_begin ] --END-- [ RunTime:0.003730s ]
SQL: SHOW COLUMNS FROM `tp_cate` [ RunTime:0.0026s ]
SQL: SELECT * FROM `tp_cate` ORDER BY sort desc  [ RunTime:0.0009s ]
SQL: SHOW COLUMNS FROM `tp_link` [ RunTime:0.0026s ]
SQL: SELECT * FROM `tp_link` ORDER BY sort desc  [ RunTime:0.0011s ]
SQL: SHOW COLUMNS FROM `tp_article` [ RunTime:0.0026s ]
SQL: SELECT * FROM `tp_article` ORDER BY time desc LIMIT 4   [ RunTime:0.0018s ]
SQL: SELECT COUNT(*) AS tp_count FROM `tp_article` LIMIT 1   [ RunTime:0.0006s ]
SQL: SELECT * FROM `tp_article` ORDER BY time desc LIMIT 0,4   [ RunTime:0.0019s ]
SQL: SHOW COLUMNS FROM `tp_board` [ RunTime:0.0024s ]
SQL: SELECT * FROM `tp_board` LIMIT 2   [ RunTime:0.0007s ]
INFO: [ view_parse ] --START--
INFO: [ template_filter ] --START--
INFO: Run Behavior\ContentReplaceBehavior [ RunTime:0.000339s ]
INFO: [ template_filter ] --END-- [ RunTime:0.000792s ]
NOTIC: [8] Undefined variable: current D:\wamp\www\tpblog\Application\Runtime\Cache\Home\2a94b8bda04ff446dcedd42276fc99ee.php 第 31 行.
NOTIC: [8] Undefined variable: current D:\wamp\www\tpblog\Application\Runtime\Cache\Home\2a94b8bda04ff446dcedd42276fc99ee.php 第 31 行.
NOTIC: [8] Undefined variable: current D:\wamp\www\tpblog\Application\Runtime\Cache\Home\2a94b8bda04ff446dcedd42276fc99ee.php 第 31 行.
NOTIC: [8] Undefined variable: current D:\wamp\www\tpblog\Application\Runtime\Cache\Home\2a94b8bda04ff446dcedd42276fc99ee.php 第 31 行.
NOTIC: [8] Undefined variable: current D:\wamp\www\tpblog\Application\Runtime\Cache\Home\2a94b8bda04ff446dcedd42276fc99ee.php 第 31 行.
NOTIC: [8] Undefined variable: current D:\wamp\www\tpblog\Application\Runtime\Cache\Home\2a94b8bda04ff446dcedd42276fc99ee.php 第 31 行.
INFO: Run Behavior\ParseTemplateBehavior [ RunTime:0.060776s ]
INFO: [ view_parse ] --END-- [ RunTime:0.061191s ]
INFO: [ view_filter ] --START--
INFO: Run Behavior\WriteHtmlCacheBehavior [ RunTime:0.002060s ]
INFO: [ view_filter ] --END-- [ RunTime:0.002464s ]
INFO: [ app_end ] --START--
INFO: Run Behavior\ShowPageTraceBehavior [ RunTime:0.003030s ]
INFO: [ app_end ] --END-- [ RunTime:0.003443s ]

[ 2016-10-21T09:15:28+08:00 ] ::1 /tpblog/
INFO: [ app_init ] --START--
INFO: Run Behavior\BuildLiteBehavior [ RunTime:0.000087s ]
INFO: [ app_init ] --END-- [ RunTime:0.003045s ]
INFO: [ app_begin ] --START--
INFO: Run Behavior\ReadHtmlCacheBehavior [ RunTime:0.003443s ]
INFO: [ app_begin ] --END-- [ RunTime:0.003955s ]
SQL: SHOW COLUMNS FROM `tp_cate` [ RunTime:0.0029s ]
SQL: SELECT * FROM `tp_cate` ORDER BY sort desc  [ RunTime:0.0011s ]
SQL: SHOW COLUMNS FROM `tp_link` [ RunTime:0.0027s ]
SQL: SELECT * FROM `tp_link` ORDER BY sort desc  [ RunTime:0.0010s ]
SQL: SHOW COLUMNS FROM `tp_article` [ RunTime:0.0025s ]
SQL: SELECT * FROM `tp_article` ORDER BY time desc LIMIT 4   [ RunTime:0.0019s ]
SQL: SELECT COUNT(*) AS tp_count FROM `tp_article` LIMIT 1   [ RunTime:0.0006s ]
SQL: SELECT * FROM `tp_article` ORDER BY time desc LIMIT 0,4   [ RunTime:0.0019s ]
SQL: SHOW COLUMNS FROM `tp_board` [ RunTime:0.0025s ]
SQL: SELECT * FROM `tp_board` LIMIT 2   [ RunTime:0.0008s ]
INFO: [ view_parse ] --START--
INFO: [ template_filter ] --START--
INFO: Run Behavior\ContentReplaceBehavior [ RunTime:0.000327s ]
INFO: [ template_filter ] --END-- [ RunTime:0.000743s ]
NOTIC: [8] Undefined variable: current D:\wamp\www\tpblog\Application\Runtime\Cache\Home\2a94b8bda04ff446dcedd42276fc99ee.php 第 31 行.
NOTIC: [8] Undefined variable: current D:\wamp\www\tpblog\Application\Runtime\Cache\Home\2a94b8bda04ff446dcedd42276fc99ee.php 第 31 行.
NOTIC: [8] Undefined variable: current D:\wamp\www\tpblog\Application\Runtime\Cache\Home\2a94b8bda04ff446dcedd42276fc99ee.php 第 31 行.
NOTIC: [8] Undefined variable: current D:\wamp\www\tpblog\Application\Runtime\Cache\Home\2a94b8bda04ff446dcedd42276fc99ee.php 第 31 行.
NOTIC: [8] Undefined variable: current D:\wamp\www\tpblog\Application\Runtime\Cache\Home\2a94b8bda04ff446dcedd42276fc99ee.php 第 31 行.
NOTIC: [8] Undefined variable: current D:\wamp\www\tpblog\Application\Runtime\Cache\Home\2a94b8bda04ff446dcedd42276fc99ee.php 第 31 行.
INFO: Run Behavior\ParseTemplateBehavior [ RunTime:0.064903s ]
INFO: [ view_parse ] --END-- [ RunTime:0.065335s ]
INFO: [ view_filter ] --START--
INFO: Run Behavior\WriteHtmlCacheBehavior [ RunTime:0.002558s ]
INFO: [ view_filter ] --END-- [ RunTime:0.002970s ]
INFO: [ app_end ] --START--
INFO: Run Behavior\ShowPageTraceBehavior [ RunTime:0.002998s ]
INFO: [ app_end ] --END-- [ RunTime:0.003405s ]

[ 2016-10-21T09:15:41+08:00 ] ::1 /tpblog/
INFO: [ app_init ] --START--
INFO: Run Behavior\BuildLiteBehavior [ RunTime:0.000090s ]
INFO: [ app_init ] --END-- [ RunTime:0.002907s ]
INFO: [ app_begin ] --START--
INFO: Run Behavior\ReadHtmlCacheBehavior [ RunTime:0.003389s ]
INFO: [ app_begin ] --END-- [ RunTime:0.003840s ]
SQL: SHOW COLUMNS FROM `tp_cate` [ RunTime:0.0028s ]
SQL: SELECT * FROM `tp_cate` ORDER BY sort desc  [ RunTime:0.0010s ]
SQL: SHOW COLUMNS FROM `tp_link` [ RunTime:0.0026s ]
SQL: SELECT * FROM `tp_link` ORDER BY sort desc  [ RunTime:0.0010s ]
SQL: SHOW COLUMNS FROM `tp_article` [ RunTime:0.0026s ]
SQL: SELECT * FROM `tp_article` ORDER BY time desc LIMIT 4   [ RunTime:0.0019s ]
SQL: SELECT COUNT(*) AS tp_count FROM `tp_article` LIMIT 1   [ RunTime:0.0006s ]
SQL: SELECT * FROM `tp_article` ORDER BY time desc LIMIT 0,4   [ RunTime:0.0019s ]
SQL: SHOW COLUMNS FROM `tp_board` [ RunTime:0.0026s ]
SQL: SELECT * FROM `tp_board` LIMIT 10   [ RunTime:0.0009s ]
INFO: [ view_parse ] --START--
INFO: [ template_filter ] --START--
INFO: Run Behavior\ContentReplaceBehavior [ RunTime:0.000345s ]
INFO: [ template_filter ] --END-- [ RunTime:0.000756s ]
NOTIC: [8] Undefined variable: current D:\wamp\www\tpblog\Application\Runtime\Cache\Home\2a94b8bda04ff446dcedd42276fc99ee.php 第 31 行.
NOTIC: [8] Undefined variable: current D:\wamp\www\tpblog\Application\Runtime\Cache\Home\2a94b8bda04ff446dcedd42276fc99ee.php 第 31 行.
NOTIC: [8] Undefined variable: current D:\wamp\www\tpblog\Application\Runtime\Cache\Home\2a94b8bda04ff446dcedd42276fc99ee.php 第 31 行.
NOTIC: [8] Undefined variable: current D:\wamp\www\tpblog\Application\Runtime\Cache\Home\2a94b8bda04ff446dcedd42276fc99ee.php 第 31 行.
NOTIC: [8] Undefined variable: current D:\wamp\www\tpblog\Application\Runtime\Cache\Home\2a94b8bda04ff446dcedd42276fc99ee.php 第 31 行.
NOTIC: [8] Undefined variable: current D:\wamp\www\tpblog\Application\Runtime\Cache\Home\2a94b8bda04ff446dcedd42276fc99ee.php 第 31 行.
INFO: Run Behavior\ParseTemplateBehavior [ RunTime:0.065910s ]
INFO: [ view_parse ] --END-- [ RunTime:0.066335s ]
INFO: [ view_filter ] --START--
INFO: Run Behavior\WriteHtmlCacheBehavior [ RunTime:0.002534s ]
INFO: [ view_filter ] --END-- [ RunTime:0.002945s ]
INFO: [ app_end ] --START--
INFO: Run Behavior\ShowPageTraceBehavior [ RunTime:0.003077s ]
INFO: [ app_end ] --END-- [ RunTime:0.003482s ]

[ 2016-10-21T09:15:51+08:00 ] ::1 /tpblog/
INFO: [ app_init ] --START--
INFO: Run Behavior\BuildLiteBehavior [ RunTime:0.000100s ]
INFO: [ app_init ] --END-- [ RunTime:0.002813s ]
INFO: [ app_begin ] --START--
INFO: Run Behavior\ReadHtmlCacheBehavior [ RunTime:0.003537s ]
INFO: [ app_begin ] --END-- [ RunTime:0.003985s ]
SQL: SHOW COLUMNS FROM `tp_cate` [ RunTime:0.0018s ]
SQL: SELECT * FROM `tp_cate` ORDER BY sort desc  [ RunTime:0.0010s ]
SQL: SHOW COLUMNS FROM `tp_link` [ RunTime:0.0023s ]
SQL: SELECT * FROM `tp_link` ORDER BY sort desc  [ RunTime:0.0010s ]
SQL: SHOW COLUMNS FROM `tp_article` [ RunTime:0.0019s ]
SQL: SELECT * FROM `tp_article` ORDER BY time desc LIMIT 4   [ RunTime:0.0021s ]
SQL: SELECT COUNT(*) AS tp_count FROM `tp_article` LIMIT 1   [ RunTime:0.0009s ]
SQL: SELECT * FROM `tp_article` ORDER BY time desc LIMIT 0,4   [ RunTime:0.0020s ]
SQL: SHOW COLUMNS FROM `tp_board` [ RunTime:0.0018s ]
SQL: SELECT * FROM `tp_board` LIMIT 5   [ RunTime:0.0011s ]
INFO: [ view_parse ] --START--
INFO: [ template_filter ] --START--
INFO: Run Behavior\ContentReplaceBehavior [ RunTime:0.000329s ]
INFO: [ template_filter ] --END-- [ RunTime:0.000746s ]
NOTIC: [8] Undefined variable: current D:\wamp\www\tpblog\Application\Runtime\Cache\Home\2a94b8bda04ff446dcedd42276fc99ee.php 第 31 行.
NOTIC: [8] Undefined variable: current D:\wamp\www\tpblog\Application\Runtime\Cache\Home\2a94b8bda04ff446dcedd42276fc99ee.php 第 31 行.
NOTIC: [8] Undefined variable: current D:\wamp\www\tpblog\Application\Runtime\Cache\Home\2a94b8bda04ff446dcedd42276fc99ee.php 第 31 行.
NOTIC: [8] Undefined variable: current D:\wamp\www\tpblog\Application\Runtime\Cache\Home\2a94b8bda04ff446dcedd42276fc99ee.php 第 31 行.
NOTIC: [8] Undefined variable: current D:\wamp\www\tpblog\Application\Runtime\Cache\Home\2a94b8bda04ff446dcedd42276fc99ee.php 第 31 行.
NOTIC: [8] Undefined variable: current D:\wamp\www\tpblog\Application\Runtime\Cache\Home\2a94b8bda04ff446dcedd42276fc99ee.php 第 31 行.
INFO: Run Behavior\ParseTemplateBehavior [ RunTime:0.065646s ]
INFO: [ view_parse ] --END-- [ RunTime:0.066242s ]
INFO: [ view_filter ] --START--
INFO: Run Behavior\WriteHtmlCacheBehavior [ RunTime:0.002633s ]
INFO: [ view_filter ] --END-- [ RunTime:0.003102s ]
INFO: [ app_end ] --START--
INFO: Run Behavior\ShowPageTraceBehavior [ RunTime:0.003164s ]
INFO: [ app_end ] --END-- [ RunTime:0.003564s ]

[ 2016-10-21T09:15:53+08:00 ] ::1 /tpblog/
INFO: [ app_init ] --START--
INFO: Run Behavior\BuildLiteBehavior [ RunTime:0.000095s ]
INFO: [ app_init ] --END-- [ RunTime:0.002597s ]
INFO: [ app_begin ] --START--
INFO: Run Behavior\ReadHtmlCacheBehavior [ RunTime:0.002585s ]
INFO: [ app_begin ] --END-- [ RunTime:0.003033s ]
SQL: SHOW COLUMNS FROM `tp_cate` [ RunTime:0.0017s ]
SQL: SELECT * FROM `tp_cate` ORDER BY sort desc  [ RunTime:0.0009s ]
SQL: SHOW COLUMNS FROM `tp_link` [ RunTime:0.0017s ]
SQL: SELECT * FROM `tp_link` ORDER BY sort desc  [ RunTime:0.0009s ]
SQL: SHOW COLUMNS FROM `tp_article` [ RunTime:0.0016s ]
SQL: SELECT * FROM `tp_article` ORDER BY time desc LIMIT 4   [ RunTime:0.0016s ]
SQL: SELECT COUNT(*) AS tp_count FROM `tp_article` LIMIT 1   [ RunTime:0.0006s ]
SQL: SELECT * FROM `tp_article` ORDER BY time desc LIMIT 0,4   [ RunTime:0.0016s ]
SQL: SHOW COLUMNS FROM `tp_board` [ RunTime:0.0016s ]
SQL: SELECT * FROM `tp_board` LIMIT 5   [ RunTime:0.0008s ]
INFO: [ view_parse ] --START--
INFO: [ template_filter ] --START--
INFO: Run Behavior\ContentReplaceBehavior [ RunTime:0.000326s ]
INFO: [ template_filter ] --END-- [ RunTime:0.000728s ]
NOTIC: [8] Undefined variable: current D:\wamp\www\tpblog\Application\Runtime\Cache\Home\2a94b8bda04ff446dcedd42276fc99ee.php 第 31 行.
NOTIC: [8] Undefined variable: current D:\wamp\www\tpblog\Application\Runtime\Cache\Home\2a94b8bda04ff446dcedd42276fc99ee.php 第 31 行.
NOTIC: [8] Undefined variable: current D:\wamp\www\tpblog\Application\Runtime\Cache\Home\2a94b8bda04ff446dcedd42276fc99ee.php 第 31 行.
NOTIC: [8] Undefined variable: current D:\wamp\www\tpblog\Application\Runtime\Cache\Home\2a94b8bda04ff446dcedd42276fc99ee.php 第 31 行.
NOTIC: [8] Undefined variable: current D:\wamp\www\tpblog\Application\Runtime\Cache\Home\2a94b8bda04ff446dcedd42276fc99ee.php 第 31 行.
NOTIC: [8] Undefined variable: current D:\wamp\www\tpblog\Application\Runtime\Cache\Home\2a94b8bda04ff446dcedd42276fc99ee.php 第 31 行.
INFO: Run Behavior\ParseTemplateBehavior [ RunTime:0.058401s ]
INFO: [ view_parse ] --END-- [ RunTime:0.058812s ]
INFO: [ view_filter ] --START--
INFO: Run Behavior\WriteHtmlCacheBehavior [ RunTime:0.001816s ]
INFO: [ view_filter ] --END-- [ RunTime:0.002217s ]
INFO: [ app_end ] --START--
INFO: Run Behavior\ShowPageTraceBehavior [ RunTime:0.002722s ]
INFO: [ app_end ] --END-- [ RunTime:0.003135s ]

[ 2016-10-21T09:16:18+08:00 ] ::1 /tpblog/
INFO: [ app_init ] --START--
INFO: Run Behavior\BuildLiteBehavior [ RunTime:0.000090s ]
INFO: [ app_init ] --END-- [ RunTime:0.002400s ]
INFO: [ app_begin ] --START--
INFO: Run Behavior\ReadHtmlCacheBehavior [ RunTime:0.002446s ]
INFO: [ app_begin ] --END-- [ RunTime:0.002872s ]
SQL: SHOW COLUMNS FROM `tp_cate` [ RunTime:0.0018s ]
SQL: SELECT * FROM `tp_cate` ORDER BY sort desc  [ RunTime:0.0009s ]
SQL: SHOW COLUMNS FROM `tp_link` [ RunTime:0.0019s ]
SQL: SELECT * FROM `tp_link` ORDER BY sort desc  [ RunTime:0.0010s ]
SQL: SHOW COLUMNS FROM `tp_article` [ RunTime:0.0020s ]
SQL: SELECT * FROM `tp_article` ORDER BY time desc LIMIT 4   [ RunTime:0.0017s ]
SQL: SELECT COUNT(*) AS tp_count FROM `tp_article` LIMIT 1   [ RunTime:0.0006s ]
SQL: SELECT * FROM `tp_article` ORDER BY time desc LIMIT 0,4   [ RunTime:0.0017s ]
SQL: SHOW COLUMNS FROM `tp_board` [ RunTime:0.0020s ]
SQL: SELECT * FROM `tp_board` LIMIT 5   [ RunTime:0.0008s ]
INFO: [ view_parse ] --START--
INFO: [ template_filter ] --START--
INFO: Run Behavior\ContentReplaceBehavior [ RunTime:0.000337s ]
INFO: [ template_filter ] --END-- [ RunTime:0.000760s ]
NOTIC: [8] Undefined variable: current D:\wamp\www\tpblog\Application\Runtime\Cache\Home\2a94b8bda04ff446dcedd42276fc99ee.php 第 31 行.
NOTIC: [8] Undefined variable: current D:\wamp\www\tpblog\Application\Runtime\Cache\Home\2a94b8bda04ff446dcedd42276fc99ee.php 第 31 行.
NOTIC: [8] Undefined variable: current D:\wamp\www\tpblog\Application\Runtime\Cache\Home\2a94b8bda04ff446dcedd42276fc99ee.php 第 31 行.
NOTIC: [8] Undefined variable: current D:\wamp\www\tpblog\Application\Runtime\Cache\Home\2a94b8bda04ff446dcedd42276fc99ee.php 第 31 行.
NOTIC: [8] Undefined variable: current D:\wamp\www\tpblog\Application\Runtime\Cache\Home\2a94b8bda04ff446dcedd42276fc99ee.php 第 31 行.
NOTIC: [8] Undefined variable: current D:\wamp\www\tpblog\Application\Runtime\Cache\Home\2a94b8bda04ff446dcedd42276fc99ee.php 第 31 行.
INFO: Run Behavior\ParseTemplateBehavior [ RunTime:0.060169s ]
INFO: [ view_parse ] --END-- [ RunTime:0.060730s ]
INFO: [ view_filter ] --START--
INFO: Run Behavior\WriteHtmlCacheBehavior [ RunTime:0.002021s ]
INFO: [ view_filter ] --END-- [ RunTime:0.002425s ]
INFO: [ app_end ] --START--
INFO: Run Behavior\ShowPageTraceBehavior [ RunTime:0.002979s ]
INFO: [ app_end ] --END-- [ RunTime:0.003398s ]

[ 2016-10-21T09:16:28+08:00 ] ::1 /tpblog/
INFO: [ app_init ] --START--
INFO: Run Behavior\BuildLiteBehavior [ RunTime:0.000088s ]
INFO: [ app_init ] --END-- [ RunTime:0.002352s ]
INFO: [ app_begin ] --START--
INFO: Run Behavior\ReadHtmlCacheBehavior [ RunTime:0.003359s ]
INFO: [ app_begin ] --END-- [ RunTime:0.003779s ]
SQL: SHOW COLUMNS FROM `tp_cate` [ RunTime:0.0019s ]
SQL: SELECT * FROM `tp_cate` ORDER BY sort desc  [ RunTime:0.0010s ]
SQL: SHOW COLUMNS FROM `tp_link` [ RunTime:0.0017s ]
SQL: SELECT * FROM `tp_link` ORDER BY sort desc  [ RunTime:0.0010s ]
SQL: SHOW COLUMNS FROM `tp_article` [ RunTime:0.0018s ]
SQL: SELECT * FROM `tp_article` ORDER BY time desc LIMIT 4   [ RunTime:0.0019s ]
SQL: SELECT COUNT(*) AS tp_count FROM `tp_article` LIMIT 1   [ RunTime:0.0007s ]
SQL: SELECT * FROM `tp_article` ORDER BY time desc LIMIT 0,4   [ RunTime:0.0020s ]
SQL: SHOW COLUMNS FROM `tp_board` [ RunTime:0.0019s ]
SQL: SELECT * FROM `tp_board` LIMIT 5   [ RunTime:0.0008s ]
INFO: [ view_parse ] --START--
INFO: [ template_filter ] --START--
INFO: Run Behavior\ContentReplaceBehavior [ RunTime:0.000335s ]
INFO: [ template_filter ] --END-- [ RunTime:0.000754s ]
NOTIC: [8] Undefined variable: current D:\wamp\www\tpblog\Application\Runtime\Cache\Home\2a94b8bda04ff446dcedd42276fc99ee.php 第 31 行.
NOTIC: [8] Undefined variable: current D:\wamp\www\tpblog\Application\Runtime\Cache\Home\2a94b8bda04ff446dcedd42276fc99ee.php 第 31 行.
NOTIC: [8] Undefined variable: current D:\wamp\www\tpblog\Application\Runtime\Cache\Home\2a94b8bda04ff446dcedd42276fc99ee.php 第 31 行.
NOTIC: [8] Undefined variable: current D:\wamp\www\tpblog\Application\Runtime\Cache\Home\2a94b8bda04ff446dcedd42276fc99ee.php 第 31 行.
NOTIC: [8] Undefined variable: current D:\wamp\www\tpblog\Application\Runtime\Cache\Home\2a94b8bda04ff446dcedd42276fc99ee.php 第 31 行.
NOTIC: [8] Undefined variable: current D:\wamp\www\tpblog\Application\Runtime\Cache\Home\2a94b8bda04ff446dcedd42276fc99ee.php 第 31 行.
INFO: Run Behavior\ParseTemplateBehavior [ RunTime:0.064378s ]
INFO: [ view_parse ] --END-- [ RunTime:0.064800s ]
INFO: [ view_filter ] --START--
INFO: Run Behavior\WriteHtmlCacheBehavior [ RunTime:0.002504s ]
INFO: [ view_filter ] --END-- [ RunTime:0.002909s ]
INFO: [ app_end ] --START--
INFO: Run Behavior\ShowPageTraceBehavior [ RunTime:0.003124s ]
INFO: [ app_end ] --END-- [ RunTime:0.003541s ]

[ 2016-10-21T09:16:33+08:00 ] ::1 /tpblog/
INFO: [ app_init ] --START--
INFO: Run Behavior\BuildLiteBehavior [ RunTime:0.000091s ]
INFO: [ app_init ] --END-- [ RunTime:0.003267s ]
INFO: [ app_begin ] --START--
INFO: Run Behavior\ReadHtmlCacheBehavior [ RunTime:0.003705s ]
INFO: [ app_begin ] --END-- [ RunTime:0.004616s ]
SQL: SHOW COLUMNS FROM `tp_cate` [ RunTime:0.0018s ]
SQL: SELECT * FROM `tp_cate` ORDER BY sort desc  [ RunTime:0.0010s ]
SQL: SHOW COLUMNS FROM `tp_link` [ RunTime:0.0017s ]
SQL: SELECT * FROM `tp_link` ORDER BY sort desc  [ RunTime:0.0010s ]
SQL: SHOW COLUMNS FROM `tp_article` [ RunTime:0.0026s ]
SQL: SELECT * FROM `tp_article` ORDER BY time desc LIMIT 4   [ RunTime:0.0020s ]
SQL: SELECT COUNT(*) AS tp_count FROM `tp_article` LIMIT 1   [ RunTime:0.0007s ]
SQL: SELECT * FROM `tp_article` ORDER BY time desc LIMIT 0,4   [ RunTime:0.0019s ]
SQL: SHOW COLUMNS FROM `tp_board` [ RunTime:0.0017s ]
SQL: SELECT * FROM `tp_board` LIMIT 5   [ RunTime:0.0009s ]
INFO: [ view_parse ] --START--
INFO: [ template_filter ] --START--
INFO: Run Behavior\ContentReplaceBehavior [ RunTime:0.000389s ]
INFO: [ template_filter ] --END-- [ RunTime:0.000859s ]
NOTIC: [8] Undefined variable: current D:\wamp\www\tpblog\Application\Runtime\Cache\Home\2a94b8bda04ff446dcedd42276fc99ee.php 第 31 行.
NOTIC: [8] Undefined variable: current D:\wamp\www\tpblog\Application\Runtime\Cache\Home\2a94b8bda04ff446dcedd42276fc99ee.php 第 31 行.
NOTIC: [8] Undefined variable: current D:\wamp\www\tpblog\Application\Runtime\Cache\Home\2a94b8bda04ff446dcedd42276fc99ee.php 第 31 行.
NOTIC: [8] Undefined variable: current D:\wamp\www\tpblog\Application\Runtime\Cache\Home\2a94b8bda04ff446dcedd42276fc99ee.php 第 31 行.
NOTIC: [8] Undefined variable: current D:\wamp\www\tpblog\Application\Runtime\Cache\Home\2a94b8bda04ff446dcedd42276fc99ee.php 第 31 行.
NOTIC: [8] Undefined variable: current D:\wamp\www\tpblog\Application\Runtime\Cache\Home\2a94b8bda04ff446dcedd42276fc99ee.php 第 31 行.
INFO: Run Behavior\ParseTemplateBehavior [ RunTime:0.072565s ]
INFO: [ view_parse ] --END-- [ RunTime:0.073130s ]
INFO: [ view_filter ] --START--
INFO: Run Behavior\WriteHtmlCacheBehavior [ RunTime:0.001948s ]
INFO: [ view_filter ] --END-- [ RunTime:0.002405s ]
INFO: [ app_end ] --START--
INFO: Run Behavior\ShowPageTraceBehavior [ RunTime:0.002938s ]
INFO: [ app_end ] --END-- [ RunTime:0.003416s ]

[ 2016-10-21T09:17:10+08:00 ] ::1 /tpblog/
INFO: [ app_init ] --START--
INFO: Run Behavior\BuildLiteBehavior [ RunTime:0.000087s ]
INFO: [ app_init ] --END-- [ RunTime:0.002744s ]
INFO: [ app_begin ] --START--
INFO: Run Behavior\ReadHtmlCacheBehavior [ RunTime:0.003724s ]
INFO: [ app_begin ] --END-- [ RunTime:0.004198s ]
SQL: SHOW COLUMNS FROM `tp_cate` [ RunTime:0.0019s ]
SQL: SELECT * FROM `tp_cate` ORDER BY sort desc  [ RunTime:0.0010s ]
SQL: SHOW COLUMNS FROM `tp_link` [ RunTime:0.0018s ]
SQL: SELECT * FROM `tp_link` ORDER BY sort desc  [ RunTime:0.0011s ]
SQL: SHOW COLUMNS FROM `tp_article` [ RunTime:0.0018s ]
SQL: SELECT * FROM `tp_article` ORDER BY time desc LIMIT 4   [ RunTime:0.0018s ]
SQL: SELECT COUNT(*) AS tp_count FROM `tp_article` LIMIT 1   [ RunTime:0.0006s ]
SQL: SELECT * FROM `tp_article` ORDER BY time desc LIMIT 0,4   [ RunTime:0.0018s ]
SQL: SHOW COLUMNS FROM `tp_board` [ RunTime:0.0018s ]
SQL: SELECT * FROM `tp_board` LIMIT 5   [ RunTime:0.0008s ]
INFO: [ view_parse ] --START--
INFO: [ template_filter ] --START--
INFO: Run Behavior\ContentReplaceBehavior [ RunTime:0.000349s ]
INFO: [ template_filter ] --END-- [ RunTime:0.000767s ]
NOTIC: [8] Undefined variable: current D:\wamp\www\tpblog\Application\Runtime\Cache\Home\2a94b8bda04ff446dcedd42276fc99ee.php 第 31 行.
NOTIC: [8] Undefined variable: current D:\wamp\www\tpblog\Application\Runtime\Cache\Home\2a94b8bda04ff446dcedd42276fc99ee.php 第 31 行.
NOTIC: [8] Undefined variable: current D:\wamp\www\tpblog\Application\Runtime\Cache\Home\2a94b8bda04ff446dcedd42276fc99ee.php 第 31 行.
NOTIC: [8] Undefined variable: current D:\wamp\www\tpblog\Application\Runtime\Cache\Home\2a94b8bda04ff446dcedd42276fc99ee.php 第 31 行.
NOTIC: [8] Undefined variable: current D:\wamp\www\tpblog\Application\Runtime\Cache\Home\2a94b8bda04ff446dcedd42276fc99ee.php 第 31 行.
NOTIC: [8] Undefined variable: current D:\wamp\www\tpblog\Application\Runtime\Cache\Home\2a94b8bda04ff446dcedd42276fc99ee.php 第 31 行.
INFO: Run Behavior\ParseTemplateBehavior [ RunTime:0.064638s ]
INFO: [ view_parse ] --END-- [ RunTime:0.065066s ]
INFO: [ view_filter ] --START--
INFO: Run Behavior\WriteHtmlCacheBehavior [ RunTime:0.002557s ]
INFO: [ view_filter ] --END-- [ RunTime:0.002950s ]
INFO: [ app_end ] --START--
INFO: Run Behavior\ShowPageTraceBehavior [ RunTime:0.003174s ]
INFO: [ app_end ] --END-- [ RunTime:0.003584s ]

[ 2016-10-21T09:17:28+08:00 ] ::1 /tpblog/index.php/Home/Index/index/p/2.html
INFO: [ app_init ] --START--
INFO: Run Behavior\BuildLiteBehavior [ RunTime:0.000091s ]
INFO: [ app_init ] --END-- [ RunTime:0.002561s ]
INFO: [ app_begin ] --START--
INFO: Run Behavior\ReadHtmlCacheBehavior [ RunTime:0.002487s ]
INFO: [ app_begin ] --END-- [ RunTime:0.002907s ]
SQL: SHOW COLUMNS FROM `tp_cate` [ RunTime:0.0021s ]
SQL: SELECT * FROM `tp_cate` ORDER BY sort desc  [ RunTime:0.0010s ]
SQL: SHOW COLUMNS FROM `tp_link` [ RunTime:0.0018s ]
SQL: SELECT * FROM `tp_link` ORDER BY sort desc  [ RunTime:0.0010s ]
SQL: SHOW COLUMNS FROM `tp_article` [ RunTime:0.0018s ]
SQL: SELECT * FROM `tp_article` ORDER BY time desc LIMIT 4   [ RunTime:0.0017s ]
SQL: SELECT COUNT(*) AS tp_count FROM `tp_article` LIMIT 1   [ RunTime:0.0007s ]
SQL: SELECT * FROM `tp_article` ORDER BY time desc LIMIT 4,4   [ RunTime:0.0014s ]
SQL: SHOW COLUMNS FROM `tp_board` [ RunTime:0.0017s ]
SQL: SELECT * FROM `tp_board` LIMIT 5   [ RunTime:0.0010s ]
INFO: [ view_parse ] --START--
INFO: [ template_filter ] --START--
INFO: Run Behavior\ContentReplaceBehavior [ RunTime:0.000344s ]
INFO: [ template_filter ] --END-- [ RunTime:0.000808s ]
NOTIC: [8] Undefined variable: current D:\wamp\www\tpblog\Application\Runtime\Cache\Home\2a94b8bda04ff446dcedd42276fc99ee.php 第 31 行.
NOTIC: [8] Undefined variable: current D:\wamp\www\tpblog\Application\Runtime\Cache\Home\2a94b8bda04ff446dcedd42276fc99ee.php 第 31 行.
NOTIC: [8] Undefined variable: current D:\wamp\www\tpblog\Application\Runtime\Cache\Home\2a94b8bda04ff446dcedd42276fc99ee.php 第 31 行.
NOTIC: [8] Undefined variable: current D:\wamp\www\tpblog\Application\Runtime\Cache\Home\2a94b8bda04ff446dcedd42276fc99ee.php 第 31 行.
NOTIC: [8] Undefined variable: current D:\wamp\www\tpblog\Application\Runtime\Cache\Home\2a94b8bda04ff446dcedd42276fc99ee.php 第 31 行.
NOTIC: [8] Undefined variable: current D:\wamp\www\tpblog\Application\Runtime\Cache\Home\2a94b8bda04ff446dcedd42276fc99ee.php 第 31 行.
INFO: Run Behavior\ParseTemplateBehavior [ RunTime:0.062252s ]
INFO: [ view_parse ] --END-- [ RunTime:0.062706s ]
INFO: [ view_filter ] --START--
INFO: Run Behavior\WriteHtmlCacheBehavior [ RunTime:0.001923s ]
INFO: [ view_filter ] --END-- [ RunTime:0.002336s ]
INFO: [ app_end ] --START--
INFO: Run Behavior\ShowPageTraceBehavior [ RunTime:0.002891s ]
INFO: [ app_end ] --END-- [ RunTime:0.003319s ]

[ 2016-10-21T09:17:30+08:00 ] ::1 /tpblog/index.php/Home/Index/index/p/3.html
INFO: [ app_init ] --START--
INFO: Run Behavior\BuildLiteBehavior [ RunTime:0.000090s ]
INFO: [ app_init ] --END-- [ RunTime:0.002465s ]
INFO: [ app_begin ] --START--
INFO: Run Behavior\ReadHtmlCacheBehavior [ RunTime:0.002480s ]
INFO: [ app_begin ] --END-- [ RunTime:0.002900s ]
SQL: SHOW COLUMNS FROM `tp_cate` [ RunTime:0.0020s ]
SQL: SELECT * FROM `tp_cate` ORDER BY sort desc  [ RunTime:0.0009s ]
SQL: SHOW COLUMNS FROM `tp_link` [ RunTime:0.0018s ]
SQL: SELECT * FROM `tp_link` ORDER BY sort desc  [ RunTime:0.0010s ]
SQL: SHOW COLUMNS FROM `tp_article` [ RunTime:0.0018s ]
SQL: SELECT * FROM `tp_article` ORDER BY time desc LIMIT 4   [ RunTime:0.0019s ]
SQL: SELECT COUNT(*) AS tp_count FROM `tp_article` LIMIT 1   [ RunTime:0.0007s ]
SQL: SELECT * FROM `tp_article` ORDER BY time desc LIMIT 8,4   [ RunTime:0.0011s ]
SQL: SHOW COLUMNS FROM `tp_board` [ RunTime:0.0019s ]
SQL: SELECT * FROM `tp_board` LIMIT 5   [ RunTime:0.0008s ]
INFO: [ view_parse ] --START--
INFO: [ template_filter ] --START--
INFO: Run Behavior\ContentReplaceBehavior [ RunTime:0.000335s ]
INFO: [ template_filter ] --END-- [ RunTime:0.000776s ]
NOTIC: [8] Undefined variable: current D:\wamp\www\tpblog\Application\Runtime\Cache\Home\2a94b8bda04ff446dcedd42276fc99ee.php 第 31 行.
NOTIC: [8] Undefined variable: current D:\wamp\www\tpblog\Application\Runtime\Cache\Home\2a94b8bda04ff446dcedd42276fc99ee.php 第 31 行.
NOTIC: [8] Undefined variable: current D:\wamp\www\tpblog\Application\Runtime\Cache\Home\2a94b8bda04ff446dcedd42276fc99ee.php 第 31 行.
NOTIC: [8] Undefined variable: current D:\wamp\www\tpblog\Application\Runtime\Cache\Home\2a94b8bda04ff446dcedd42276fc99ee.php 第 31 行.
NOTIC: [8] Undefined variable: current D:\wamp\www\tpblog\Application\Runtime\Cache\Home\2a94b8bda04ff446dcedd42276fc99ee.php 第 31 行.
NOTIC: [8] Undefined variable: current D:\wamp\www\tpblog\Application\Runtime\Cache\Home\2a94b8bda04ff446dcedd42276fc99ee.php 第 31 行.
INFO: Run Behavior\ParseTemplateBehavior [ RunTime:0.060267s ]
INFO: [ view_parse ] --END-- [ RunTime:0.060710s ]
INFO: [ view_filter ] --START--
INFO: Run Behavior\WriteHtmlCacheBehavior [ RunTime:0.002147s ]
INFO: [ view_filter ] --END-- [ RunTime:0.002755s ]
INFO: [ app_end ] --START--
INFO: Run Behavior\ShowPageTraceBehavior [ RunTime:0.003560s ]
INFO: [ app_end ] --END-- [ RunTime:0.004091s ]

